[2026-01-16T22:37:34.915+0000] {processor.py:157} INFO - Started process (PID=333) to work on /opt/airflow/dags/bronze_ingestion_dags.py
[2026-01-16T22:37:34.923+0000] {processor.py:829} INFO - Processing file /opt/airflow/dags/bronze_ingestion_dags.py for tasks to queue
[2026-01-16T22:37:34.942+0000] {logging_mixin.py:154} INFO - [2026-01-16T22:37:34.933+0000] {dagbag.py:536} INFO - Filling up the DagBag from /opt/airflow/dags/bronze_ingestion_dags.py
[2026-01-16T22:37:35.121+0000] {logging_mixin.py:154} INFO - [2026-01-16T22:37:35.037+0000] {dagbag.py:346} ERROR - Failed to import: /opt/airflow/dags/bronze_ingestion_dags.py
Traceback (most recent call last):
  File "/home/airflow/.local/lib/python3.8/site-packages/airflow/models/dagbag.py", line 342, in parse
    loader.exec_module(new_module)
  File "<frozen importlib._bootstrap_external>", line 839, in exec_module
  File "<frozen importlib._bootstrap_external>", line 976, in get_code
  File "<frozen importlib._bootstrap_external>", line 906, in source_to_code
  File "<frozen importlib._bootstrap>", line 219, in _call_with_frames_removed
  File "/opt/airflow/dags/bronze_ingestion_dags.py", line 10
    tags=["bronze", "tlc"]
    ^
SyntaxError: invalid syntax
[2026-01-16T22:37:35.125+0000] {processor.py:841} WARNING - No viable dags retrieved from /opt/airflow/dags/bronze_ingestion_dags.py
[2026-01-16T22:37:35.411+0000] {processor.py:179} INFO - Processing /opt/airflow/dags/bronze_ingestion_dags.py took 0.570 seconds
[2026-01-16T22:37:40.716+0000] {processor.py:157} INFO - Started process (PID=338) to work on /opt/airflow/dags/bronze_ingestion_dags.py
[2026-01-16T22:37:40.721+0000] {processor.py:829} INFO - Processing file /opt/airflow/dags/bronze_ingestion_dags.py for tasks to queue
[2026-01-16T22:37:40.723+0000] {logging_mixin.py:154} INFO - [2026-01-16T22:37:40.723+0000] {dagbag.py:536} INFO - Filling up the DagBag from /opt/airflow/dags/bronze_ingestion_dags.py
[2026-01-16T22:37:40.736+0000] {logging_mixin.py:154} INFO - [2026-01-16T22:37:40.728+0000] {dagbag.py:346} ERROR - Failed to import: /opt/airflow/dags/bronze_ingestion_dags.py
Traceback (most recent call last):
  File "/home/airflow/.local/lib/python3.8/site-packages/airflow/models/dagbag.py", line 342, in parse
    loader.exec_module(new_module)
  File "<frozen importlib._bootstrap_external>", line 839, in exec_module
  File "<frozen importlib._bootstrap_external>", line 976, in get_code
  File "<frozen importlib._bootstrap_external>", line 906, in source_to_code
  File "<frozen importlib._bootstrap>", line 219, in _call_with_frames_removed
  File "/opt/airflow/dags/bronze_ingestion_dags.py", line 10
    tags=["bronze", "tlc"]
    ^
SyntaxError: invalid syntax
[2026-01-16T22:37:40.736+0000] {processor.py:841} WARNING - No viable dags retrieved from /opt/airflow/dags/bronze_ingestion_dags.py
[2026-01-16T22:37:40.855+0000] {processor.py:179} INFO - Processing /opt/airflow/dags/bronze_ingestion_dags.py took 0.177 seconds
[2026-01-16T22:37:46.968+0000] {processor.py:157} INFO - Started process (PID=343) to work on /opt/airflow/dags/bronze_ingestion_dags.py
[2026-01-16T22:37:46.969+0000] {processor.py:829} INFO - Processing file /opt/airflow/dags/bronze_ingestion_dags.py for tasks to queue
[2026-01-16T22:37:46.970+0000] {logging_mixin.py:154} INFO - [2026-01-16T22:37:46.970+0000] {dagbag.py:536} INFO - Filling up the DagBag from /opt/airflow/dags/bronze_ingestion_dags.py
[2026-01-16T22:37:46.989+0000] {logging_mixin.py:154} INFO - [2026-01-16T22:37:46.981+0000] {dagbag.py:346} ERROR - Failed to import: /opt/airflow/dags/bronze_ingestion_dags.py
Traceback (most recent call last):
  File "/home/airflow/.local/lib/python3.8/site-packages/airflow/models/dagbag.py", line 342, in parse
    loader.exec_module(new_module)
  File "<frozen importlib._bootstrap_external>", line 839, in exec_module
  File "<frozen importlib._bootstrap_external>", line 976, in get_code
  File "<frozen importlib._bootstrap_external>", line 906, in source_to_code
  File "<frozen importlib._bootstrap>", line 219, in _call_with_frames_removed
  File "/opt/airflow/dags/bronze_ingestion_dags.py", line 10
    tags=["bronze", "tlc"]
    ^
SyntaxError: invalid syntax
[2026-01-16T22:37:46.989+0000] {processor.py:841} WARNING - No viable dags retrieved from /opt/airflow/dags/bronze_ingestion_dags.py
[2026-01-16T22:37:47.024+0000] {processor.py:179} INFO - Processing /opt/airflow/dags/bronze_ingestion_dags.py took 0.064 seconds
[2026-01-16T22:37:54.151+0000] {processor.py:157} INFO - Started process (PID=348) to work on /opt/airflow/dags/bronze_ingestion_dags.py
[2026-01-16T22:37:54.153+0000] {processor.py:829} INFO - Processing file /opt/airflow/dags/bronze_ingestion_dags.py for tasks to queue
[2026-01-16T22:37:54.154+0000] {logging_mixin.py:154} INFO - [2026-01-16T22:37:54.153+0000] {dagbag.py:536} INFO - Filling up the DagBag from /opt/airflow/dags/bronze_ingestion_dags.py
[2026-01-16T22:37:54.170+0000] {logging_mixin.py:154} INFO - [2026-01-16T22:37:54.165+0000] {dagbag.py:346} ERROR - Failed to import: /opt/airflow/dags/bronze_ingestion_dags.py
Traceback (most recent call last):
  File "/home/airflow/.local/lib/python3.8/site-packages/airflow/models/dagbag.py", line 342, in parse
    loader.exec_module(new_module)
  File "<frozen importlib._bootstrap_external>", line 839, in exec_module
  File "<frozen importlib._bootstrap_external>", line 976, in get_code
  File "<frozen importlib._bootstrap_external>", line 906, in source_to_code
  File "<frozen importlib._bootstrap>", line 219, in _call_with_frames_removed
  File "/opt/airflow/dags/bronze_ingestion_dags.py", line 10
    tags=["bronze", "tlc"]
    ^
SyntaxError: invalid syntax
[2026-01-16T22:37:54.170+0000] {processor.py:841} WARNING - No viable dags retrieved from /opt/airflow/dags/bronze_ingestion_dags.py
[2026-01-16T22:37:54.250+0000] {processor.py:179} INFO - Processing /opt/airflow/dags/bronze_ingestion_dags.py took 0.107 seconds
[2026-01-16T22:38:01.335+0000] {processor.py:157} INFO - Started process (PID=353) to work on /opt/airflow/dags/bronze_ingestion_dags.py
[2026-01-16T22:38:01.337+0000] {processor.py:829} INFO - Processing file /opt/airflow/dags/bronze_ingestion_dags.py for tasks to queue
[2026-01-16T22:38:01.338+0000] {logging_mixin.py:154} INFO - [2026-01-16T22:38:01.338+0000] {dagbag.py:536} INFO - Filling up the DagBag from /opt/airflow/dags/bronze_ingestion_dags.py
[2026-01-16T22:38:01.350+0000] {logging_mixin.py:154} INFO - [2026-01-16T22:38:01.344+0000] {dagbag.py:346} ERROR - Failed to import: /opt/airflow/dags/bronze_ingestion_dags.py
Traceback (most recent call last):
  File "/home/airflow/.local/lib/python3.8/site-packages/airflow/models/dagbag.py", line 342, in parse
    loader.exec_module(new_module)
  File "<frozen importlib._bootstrap_external>", line 839, in exec_module
  File "<frozen importlib._bootstrap_external>", line 976, in get_code
  File "<frozen importlib._bootstrap_external>", line 906, in source_to_code
  File "<frozen importlib._bootstrap>", line 219, in _call_with_frames_removed
  File "/opt/airflow/dags/bronze_ingestion_dags.py", line 10
    tags=["bronze", "tlc"]
    ^
SyntaxError: invalid syntax
[2026-01-16T22:38:01.351+0000] {processor.py:841} WARNING - No viable dags retrieved from /opt/airflow/dags/bronze_ingestion_dags.py
[2026-01-16T22:38:01.374+0000] {processor.py:179} INFO - Processing /opt/airflow/dags/bronze_ingestion_dags.py took 0.052 seconds
[2026-01-16T22:38:06.575+0000] {processor.py:157} INFO - Started process (PID=358) to work on /opt/airflow/dags/bronze_ingestion_dags.py
[2026-01-16T22:38:06.576+0000] {processor.py:829} INFO - Processing file /opt/airflow/dags/bronze_ingestion_dags.py for tasks to queue
[2026-01-16T22:38:06.579+0000] {logging_mixin.py:154} INFO - [2026-01-16T22:38:06.578+0000] {dagbag.py:536} INFO - Filling up the DagBag from /opt/airflow/dags/bronze_ingestion_dags.py
[2026-01-16T22:38:06.587+0000] {logging_mixin.py:154} INFO - [2026-01-16T22:38:06.582+0000] {dagbag.py:346} ERROR - Failed to import: /opt/airflow/dags/bronze_ingestion_dags.py
Traceback (most recent call last):
  File "/home/airflow/.local/lib/python3.8/site-packages/airflow/models/dagbag.py", line 342, in parse
    loader.exec_module(new_module)
  File "<frozen importlib._bootstrap_external>", line 839, in exec_module
  File "<frozen importlib._bootstrap_external>", line 976, in get_code
  File "<frozen importlib._bootstrap_external>", line 906, in source_to_code
  File "<frozen importlib._bootstrap>", line 219, in _call_with_frames_removed
  File "/opt/airflow/dags/bronze_ingestion_dags.py", line 10
    tags=["bronze", "tlc"]
    ^
SyntaxError: invalid syntax
[2026-01-16T22:38:06.588+0000] {processor.py:841} WARNING - No viable dags retrieved from /opt/airflow/dags/bronze_ingestion_dags.py
[2026-01-16T22:38:06.635+0000] {processor.py:179} INFO - Processing /opt/airflow/dags/bronze_ingestion_dags.py took 0.066 seconds
[2026-01-16T22:38:17.761+0000] {processor.py:157} INFO - Started process (PID=363) to work on /opt/airflow/dags/bronze_ingestion_dags.py
[2026-01-16T22:38:17.765+0000] {processor.py:829} INFO - Processing file /opt/airflow/dags/bronze_ingestion_dags.py for tasks to queue
[2026-01-16T22:38:17.766+0000] {logging_mixin.py:154} INFO - [2026-01-16T22:38:17.765+0000] {dagbag.py:536} INFO - Filling up the DagBag from /opt/airflow/dags/bronze_ingestion_dags.py
[2026-01-16T22:38:17.771+0000] {logging_mixin.py:154} INFO - [2026-01-16T22:38:17.770+0000] {dagbag.py:346} ERROR - Failed to import: /opt/airflow/dags/bronze_ingestion_dags.py
Traceback (most recent call last):
  File "/home/airflow/.local/lib/python3.8/site-packages/airflow/models/dagbag.py", line 342, in parse
    loader.exec_module(new_module)
  File "<frozen importlib._bootstrap_external>", line 839, in exec_module
  File "<frozen importlib._bootstrap_external>", line 976, in get_code
  File "<frozen importlib._bootstrap_external>", line 906, in source_to_code
  File "<frozen importlib._bootstrap>", line 219, in _call_with_frames_removed
  File "/opt/airflow/dags/bronze_ingestion_dags.py", line 10
    tags=["bronze", "tlc"]
    ^
SyntaxError: invalid syntax
[2026-01-16T22:38:17.772+0000] {processor.py:841} WARNING - No viable dags retrieved from /opt/airflow/dags/bronze_ingestion_dags.py
[2026-01-16T22:38:17.818+0000] {processor.py:179} INFO - Processing /opt/airflow/dags/bronze_ingestion_dags.py took 0.065 seconds
[2026-01-16T22:38:48.049+0000] {processor.py:157} INFO - Started process (PID=368) to work on /opt/airflow/dags/bronze_ingestion_dags.py
[2026-01-16T22:38:48.050+0000] {processor.py:829} INFO - Processing file /opt/airflow/dags/bronze_ingestion_dags.py for tasks to queue
[2026-01-16T22:38:48.052+0000] {logging_mixin.py:154} INFO - [2026-01-16T22:38:48.051+0000] {dagbag.py:536} INFO - Filling up the DagBag from /opt/airflow/dags/bronze_ingestion_dags.py
[2026-01-16T22:38:48.056+0000] {logging_mixin.py:154} INFO - [2026-01-16T22:38:48.055+0000] {dagbag.py:346} ERROR - Failed to import: /opt/airflow/dags/bronze_ingestion_dags.py
Traceback (most recent call last):
  File "/home/airflow/.local/lib/python3.8/site-packages/airflow/models/dagbag.py", line 342, in parse
    loader.exec_module(new_module)
  File "<frozen importlib._bootstrap_external>", line 839, in exec_module
  File "<frozen importlib._bootstrap_external>", line 976, in get_code
  File "<frozen importlib._bootstrap_external>", line 906, in source_to_code
  File "<frozen importlib._bootstrap>", line 219, in _call_with_frames_removed
  File "/opt/airflow/dags/bronze_ingestion_dags.py", line 10
    tags=["bronze", "tlc"]
    ^
SyntaxError: invalid syntax
[2026-01-16T22:38:48.056+0000] {processor.py:841} WARNING - No viable dags retrieved from /opt/airflow/dags/bronze_ingestion_dags.py
[2026-01-16T22:38:48.077+0000] {processor.py:179} INFO - Processing /opt/airflow/dags/bronze_ingestion_dags.py took 0.031 seconds
[2026-01-16T22:39:18.260+0000] {processor.py:157} INFO - Started process (PID=373) to work on /opt/airflow/dags/bronze_ingestion_dags.py
[2026-01-16T22:39:18.261+0000] {processor.py:829} INFO - Processing file /opt/airflow/dags/bronze_ingestion_dags.py for tasks to queue
[2026-01-16T22:39:18.261+0000] {logging_mixin.py:154} INFO - [2026-01-16T22:39:18.261+0000] {dagbag.py:536} INFO - Filling up the DagBag from /opt/airflow/dags/bronze_ingestion_dags.py
[2026-01-16T22:39:18.267+0000] {logging_mixin.py:154} INFO - [2026-01-16T22:39:18.264+0000] {dagbag.py:346} ERROR - Failed to import: /opt/airflow/dags/bronze_ingestion_dags.py
Traceback (most recent call last):
  File "/home/airflow/.local/lib/python3.8/site-packages/airflow/models/dagbag.py", line 342, in parse
    loader.exec_module(new_module)
  File "<frozen importlib._bootstrap_external>", line 839, in exec_module
  File "<frozen importlib._bootstrap_external>", line 976, in get_code
  File "<frozen importlib._bootstrap_external>", line 906, in source_to_code
  File "<frozen importlib._bootstrap>", line 219, in _call_with_frames_removed
  File "/opt/airflow/dags/bronze_ingestion_dags.py", line 10
    tags=["bronze", "tlc"]
    ^
SyntaxError: invalid syntax
[2026-01-16T22:39:18.268+0000] {processor.py:841} WARNING - No viable dags retrieved from /opt/airflow/dags/bronze_ingestion_dags.py
[2026-01-16T22:39:18.285+0000] {processor.py:179} INFO - Processing /opt/airflow/dags/bronze_ingestion_dags.py took 0.030 seconds
[2026-01-16T22:39:48.551+0000] {processor.py:157} INFO - Started process (PID=378) to work on /opt/airflow/dags/bronze_ingestion_dags.py
[2026-01-16T22:39:48.553+0000] {processor.py:829} INFO - Processing file /opt/airflow/dags/bronze_ingestion_dags.py for tasks to queue
[2026-01-16T22:39:48.556+0000] {logging_mixin.py:154} INFO - [2026-01-16T22:39:48.553+0000] {dagbag.py:536} INFO - Filling up the DagBag from /opt/airflow/dags/bronze_ingestion_dags.py
[2026-01-16T22:39:48.562+0000] {logging_mixin.py:154} INFO - [2026-01-16T22:39:48.561+0000] {dagbag.py:346} ERROR - Failed to import: /opt/airflow/dags/bronze_ingestion_dags.py
Traceback (most recent call last):
  File "/home/airflow/.local/lib/python3.8/site-packages/airflow/models/dagbag.py", line 342, in parse
    loader.exec_module(new_module)
  File "<frozen importlib._bootstrap_external>", line 839, in exec_module
  File "<frozen importlib._bootstrap_external>", line 976, in get_code
  File "<frozen importlib._bootstrap_external>", line 906, in source_to_code
  File "<frozen importlib._bootstrap>", line 219, in _call_with_frames_removed
  File "/opt/airflow/dags/bronze_ingestion_dags.py", line 10
    tags=["bronze", "tlc"]
    ^
SyntaxError: invalid syntax
[2026-01-16T22:39:48.562+0000] {processor.py:841} WARNING - No viable dags retrieved from /opt/airflow/dags/bronze_ingestion_dags.py
[2026-01-16T22:39:48.587+0000] {processor.py:179} INFO - Processing /opt/airflow/dags/bronze_ingestion_dags.py took 0.041 seconds
[2026-01-16T22:40:06.849+0000] {processor.py:157} INFO - Started process (PID=383) to work on /opt/airflow/dags/bronze_ingestion_dags.py
[2026-01-16T22:40:06.851+0000] {processor.py:829} INFO - Processing file /opt/airflow/dags/bronze_ingestion_dags.py for tasks to queue
[2026-01-16T22:40:06.854+0000] {logging_mixin.py:154} INFO - [2026-01-16T22:40:06.853+0000] {dagbag.py:536} INFO - Filling up the DagBag from /opt/airflow/dags/bronze_ingestion_dags.py
[2026-01-16T22:40:06.865+0000] {logging_mixin.py:154} INFO - [2026-01-16T22:40:06.863+0000] {dagbag.py:346} ERROR - Failed to import: /opt/airflow/dags/bronze_ingestion_dags.py
Traceback (most recent call last):
  File "/home/airflow/.local/lib/python3.8/site-packages/airflow/models/dagbag.py", line 342, in parse
    loader.exec_module(new_module)
  File "<frozen importlib._bootstrap_external>", line 839, in exec_module
  File "<frozen importlib._bootstrap_external>", line 976, in get_code
  File "<frozen importlib._bootstrap_external>", line 906, in source_to_code
  File "<frozen importlib._bootstrap>", line 219, in _call_with_frames_removed
  File "/opt/airflow/dags/bronze_ingestion_dags.py", line 10
    tags=["bronze", "tlc"]
    ^
SyntaxError: invalid syntax
[2026-01-16T22:40:06.865+0000] {processor.py:841} WARNING - No viable dags retrieved from /opt/airflow/dags/bronze_ingestion_dags.py
[2026-01-16T22:40:06.901+0000] {processor.py:179} INFO - Processing /opt/airflow/dags/bronze_ingestion_dags.py took 0.059 seconds
[2026-01-16T22:40:27.289+0000] {processor.py:157} INFO - Started process (PID=388) to work on /opt/airflow/dags/bronze_ingestion_dags.py
[2026-01-16T22:40:27.293+0000] {processor.py:829} INFO - Processing file /opt/airflow/dags/bronze_ingestion_dags.py for tasks to queue
[2026-01-16T22:40:27.296+0000] {logging_mixin.py:154} INFO - [2026-01-16T22:40:27.294+0000] {dagbag.py:536} INFO - Filling up the DagBag from /opt/airflow/dags/bronze_ingestion_dags.py
[2026-01-16T22:40:27.358+0000] {logging_mixin.py:154} INFO - [2026-01-16T22:40:27.341+0000] {dagbag.py:346} ERROR - Failed to import: /opt/airflow/dags/bronze_ingestion_dags.py
Traceback (most recent call last):
  File "/home/airflow/.local/lib/python3.8/site-packages/airflow/models/dagbag.py", line 342, in parse
    loader.exec_module(new_module)
  File "<frozen importlib._bootstrap_external>", line 839, in exec_module
  File "<frozen importlib._bootstrap_external>", line 976, in get_code
  File "<frozen importlib._bootstrap_external>", line 906, in source_to_code
  File "<frozen importlib._bootstrap>", line 219, in _call_with_frames_removed
  File "/opt/airflow/dags/bronze_ingestion_dags.py", line 10
    tags=["bronze", "tlc"]
    ^
SyntaxError: invalid syntax
[2026-01-16T22:40:27.358+0000] {processor.py:841} WARNING - No viable dags retrieved from /opt/airflow/dags/bronze_ingestion_dags.py
[2026-01-16T22:40:27.419+0000] {processor.py:179} INFO - Processing /opt/airflow/dags/bronze_ingestion_dags.py took 0.146 seconds
[2026-01-16T22:40:39.750+0000] {processor.py:157} INFO - Started process (PID=393) to work on /opt/airflow/dags/bronze_ingestion_dags.py
[2026-01-16T22:40:39.752+0000] {processor.py:829} INFO - Processing file /opt/airflow/dags/bronze_ingestion_dags.py for tasks to queue
[2026-01-16T22:40:39.754+0000] {logging_mixin.py:154} INFO - [2026-01-16T22:40:39.752+0000] {dagbag.py:536} INFO - Filling up the DagBag from /opt/airflow/dags/bronze_ingestion_dags.py
[2026-01-16T22:40:39.774+0000] {logging_mixin.py:154} INFO - [2026-01-16T22:40:39.767+0000] {dagbag.py:346} ERROR - Failed to import: /opt/airflow/dags/bronze_ingestion_dags.py
Traceback (most recent call last):
  File "/home/airflow/.local/lib/python3.8/site-packages/airflow/models/dagbag.py", line 342, in parse
    loader.exec_module(new_module)
  File "<frozen importlib._bootstrap_external>", line 839, in exec_module
  File "<frozen importlib._bootstrap_external>", line 976, in get_code
  File "<frozen importlib._bootstrap_external>", line 906, in source_to_code
  File "<frozen importlib._bootstrap>", line 219, in _call_with_frames_removed
  File "/opt/airflow/dags/bronze_ingestion_dags.py", line 10
    tags=["bronze", "tlc"]
    ^
SyntaxError: invalid syntax
[2026-01-16T22:40:39.775+0000] {processor.py:841} WARNING - No viable dags retrieved from /opt/airflow/dags/bronze_ingestion_dags.py
[2026-01-16T22:40:39.983+0000] {processor.py:179} INFO - Processing /opt/airflow/dags/bronze_ingestion_dags.py took 0.259 seconds
[2026-01-16T22:40:52.969+0000] {processor.py:157} INFO - Started process (PID=398) to work on /opt/airflow/dags/bronze_ingestion_dags.py
[2026-01-16T22:40:52.973+0000] {processor.py:829} INFO - Processing file /opt/airflow/dags/bronze_ingestion_dags.py for tasks to queue
[2026-01-16T22:40:52.976+0000] {logging_mixin.py:154} INFO - [2026-01-16T22:40:52.974+0000] {dagbag.py:536} INFO - Filling up the DagBag from /opt/airflow/dags/bronze_ingestion_dags.py
[2026-01-16T22:40:52.993+0000] {logging_mixin.py:154} INFO - [2026-01-16T22:40:52.985+0000] {dagbag.py:346} ERROR - Failed to import: /opt/airflow/dags/bronze_ingestion_dags.py
Traceback (most recent call last):
  File "/home/airflow/.local/lib/python3.8/site-packages/airflow/models/dagbag.py", line 342, in parse
    loader.exec_module(new_module)
  File "<frozen importlib._bootstrap_external>", line 839, in exec_module
  File "<frozen importlib._bootstrap_external>", line 976, in get_code
  File "<frozen importlib._bootstrap_external>", line 906, in source_to_code
  File "<frozen importlib._bootstrap>", line 219, in _call_with_frames_removed
  File "/opt/airflow/dags/bronze_ingestion_dags.py", line 10
    tags=["bronze", "tlc"]
    ^
SyntaxError: invalid syntax
[2026-01-16T22:40:52.994+0000] {processor.py:841} WARNING - No viable dags retrieved from /opt/airflow/dags/bronze_ingestion_dags.py
[2026-01-16T22:40:53.059+0000] {processor.py:179} INFO - Processing /opt/airflow/dags/bronze_ingestion_dags.py took 0.096 seconds
[2026-01-16T22:41:01.226+0000] {processor.py:157} INFO - Started process (PID=403) to work on /opt/airflow/dags/bronze_ingestion_dags.py
[2026-01-16T22:41:01.234+0000] {processor.py:829} INFO - Processing file /opt/airflow/dags/bronze_ingestion_dags.py for tasks to queue
[2026-01-16T22:41:01.236+0000] {logging_mixin.py:154} INFO - [2026-01-16T22:41:01.235+0000] {dagbag.py:536} INFO - Filling up the DagBag from /opt/airflow/dags/bronze_ingestion_dags.py
[2026-01-16T22:41:01.243+0000] {logging_mixin.py:154} INFO - [2026-01-16T22:41:01.241+0000] {dagbag.py:346} ERROR - Failed to import: /opt/airflow/dags/bronze_ingestion_dags.py
Traceback (most recent call last):
  File "/home/airflow/.local/lib/python3.8/site-packages/airflow/models/dagbag.py", line 342, in parse
    loader.exec_module(new_module)
  File "<frozen importlib._bootstrap_external>", line 839, in exec_module
  File "<frozen importlib._bootstrap_external>", line 976, in get_code
  File "<frozen importlib._bootstrap_external>", line 906, in source_to_code
  File "<frozen importlib._bootstrap>", line 219, in _call_with_frames_removed
  File "/opt/airflow/dags/bronze_ingestion_dags.py", line 10
    tags=["bronze", "tlc"]
    ^
SyntaxError: invalid syntax
[2026-01-16T22:41:01.243+0000] {processor.py:841} WARNING - No viable dags retrieved from /opt/airflow/dags/bronze_ingestion_dags.py
[2026-01-16T22:41:01.275+0000] {processor.py:179} INFO - Processing /opt/airflow/dags/bronze_ingestion_dags.py took 0.059 seconds
[2026-01-16T22:41:11.655+0000] {processor.py:157} INFO - Started process (PID=408) to work on /opt/airflow/dags/bronze_ingestion_dags.py
[2026-01-16T22:41:11.658+0000] {processor.py:829} INFO - Processing file /opt/airflow/dags/bronze_ingestion_dags.py for tasks to queue
[2026-01-16T22:41:11.659+0000] {logging_mixin.py:154} INFO - [2026-01-16T22:41:11.658+0000] {dagbag.py:536} INFO - Filling up the DagBag from /opt/airflow/dags/bronze_ingestion_dags.py
[2026-01-16T22:41:11.692+0000] {logging_mixin.py:154} INFO - [2026-01-16T22:41:11.675+0000] {dagbag.py:346} ERROR - Failed to import: /opt/airflow/dags/bronze_ingestion_dags.py
Traceback (most recent call last):
  File "/home/airflow/.local/lib/python3.8/site-packages/airflow/models/dagbag.py", line 342, in parse
    loader.exec_module(new_module)
  File "<frozen importlib._bootstrap_external>", line 839, in exec_module
  File "<frozen importlib._bootstrap_external>", line 976, in get_code
  File "<frozen importlib._bootstrap_external>", line 906, in source_to_code
  File "<frozen importlib._bootstrap>", line 219, in _call_with_frames_removed
  File "/opt/airflow/dags/bronze_ingestion_dags.py", line 10
    tags=["bronze", "tlc"]
    ^
SyntaxError: invalid syntax
[2026-01-16T22:41:11.693+0000] {processor.py:841} WARNING - No viable dags retrieved from /opt/airflow/dags/bronze_ingestion_dags.py
[2026-01-16T22:41:11.981+0000] {processor.py:179} INFO - Processing /opt/airflow/dags/bronze_ingestion_dags.py took 0.334 seconds
[2026-01-16T22:41:24.307+0000] {processor.py:157} INFO - Started process (PID=413) to work on /opt/airflow/dags/bronze_ingestion_dags.py
[2026-01-16T22:41:24.313+0000] {processor.py:829} INFO - Processing file /opt/airflow/dags/bronze_ingestion_dags.py for tasks to queue
[2026-01-16T22:41:24.315+0000] {logging_mixin.py:154} INFO - [2026-01-16T22:41:24.314+0000] {dagbag.py:536} INFO - Filling up the DagBag from /opt/airflow/dags/bronze_ingestion_dags.py
[2026-01-16T22:41:24.321+0000] {logging_mixin.py:154} INFO - [2026-01-16T22:41:24.320+0000] {dagbag.py:346} ERROR - Failed to import: /opt/airflow/dags/bronze_ingestion_dags.py
Traceback (most recent call last):
  File "/home/airflow/.local/lib/python3.8/site-packages/airflow/models/dagbag.py", line 342, in parse
    loader.exec_module(new_module)
  File "<frozen importlib._bootstrap_external>", line 839, in exec_module
  File "<frozen importlib._bootstrap_external>", line 976, in get_code
  File "<frozen importlib._bootstrap_external>", line 906, in source_to_code
  File "<frozen importlib._bootstrap>", line 219, in _call_with_frames_removed
  File "/opt/airflow/dags/bronze_ingestion_dags.py", line 10
    tags=["bronze", "tlc"]
    ^
SyntaxError: invalid syntax
[2026-01-16T22:41:24.322+0000] {processor.py:841} WARNING - No viable dags retrieved from /opt/airflow/dags/bronze_ingestion_dags.py
[2026-01-16T22:41:24.400+0000] {processor.py:179} INFO - Processing /opt/airflow/dags/bronze_ingestion_dags.py took 0.116 seconds
[2026-01-16T22:41:31.372+0000] {processor.py:157} INFO - Started process (PID=418) to work on /opt/airflow/dags/bronze_ingestion_dags.py
[2026-01-16T22:41:31.376+0000] {processor.py:829} INFO - Processing file /opt/airflow/dags/bronze_ingestion_dags.py for tasks to queue
[2026-01-16T22:41:31.376+0000] {logging_mixin.py:154} INFO - [2026-01-16T22:41:31.376+0000] {dagbag.py:536} INFO - Filling up the DagBag from /opt/airflow/dags/bronze_ingestion_dags.py
[2026-01-16T22:41:31.380+0000] {logging_mixin.py:154} INFO - [2026-01-16T22:41:31.379+0000] {dagbag.py:346} ERROR - Failed to import: /opt/airflow/dags/bronze_ingestion_dags.py
Traceback (most recent call last):
  File "/home/airflow/.local/lib/python3.8/site-packages/airflow/models/dagbag.py", line 342, in parse
    loader.exec_module(new_module)
  File "<frozen importlib._bootstrap_external>", line 839, in exec_module
  File "<frozen importlib._bootstrap_external>", line 976, in get_code
  File "<frozen importlib._bootstrap_external>", line 906, in source_to_code
  File "<frozen importlib._bootstrap>", line 219, in _call_with_frames_removed
  File "/opt/airflow/dags/bronze_ingestion_dags.py", line 10
    tags=["bronze", "tlc"]
    ^
SyntaxError: invalid syntax
[2026-01-16T22:41:31.381+0000] {processor.py:841} WARNING - No viable dags retrieved from /opt/airflow/dags/bronze_ingestion_dags.py
[2026-01-16T22:41:31.407+0000] {processor.py:179} INFO - Processing /opt/airflow/dags/bronze_ingestion_dags.py took 0.040 seconds
[2026-01-16T22:42:01.817+0000] {processor.py:157} INFO - Started process (PID=423) to work on /opt/airflow/dags/bronze_ingestion_dags.py
[2026-01-16T22:42:01.819+0000] {processor.py:829} INFO - Processing file /opt/airflow/dags/bronze_ingestion_dags.py for tasks to queue
[2026-01-16T22:42:01.819+0000] {logging_mixin.py:154} INFO - [2026-01-16T22:42:01.819+0000] {dagbag.py:536} INFO - Filling up the DagBag from /opt/airflow/dags/bronze_ingestion_dags.py
[2026-01-16T22:42:01.826+0000] {logging_mixin.py:154} INFO - [2026-01-16T22:42:01.824+0000] {dagbag.py:346} ERROR - Failed to import: /opt/airflow/dags/bronze_ingestion_dags.py
Traceback (most recent call last):
  File "/home/airflow/.local/lib/python3.8/site-packages/airflow/models/dagbag.py", line 342, in parse
    loader.exec_module(new_module)
  File "<frozen importlib._bootstrap_external>", line 839, in exec_module
  File "<frozen importlib._bootstrap_external>", line 976, in get_code
  File "<frozen importlib._bootstrap_external>", line 906, in source_to_code
  File "<frozen importlib._bootstrap>", line 219, in _call_with_frames_removed
  File "/opt/airflow/dags/bronze_ingestion_dags.py", line 10
    tags=["bronze", "tlc"]
    ^
SyntaxError: invalid syntax
[2026-01-16T22:42:01.826+0000] {processor.py:841} WARNING - No viable dags retrieved from /opt/airflow/dags/bronze_ingestion_dags.py
[2026-01-16T22:42:01.851+0000] {processor.py:179} INFO - Processing /opt/airflow/dags/bronze_ingestion_dags.py took 0.040 seconds
[2026-01-16T22:42:32.110+0000] {processor.py:157} INFO - Started process (PID=428) to work on /opt/airflow/dags/bronze_ingestion_dags.py
[2026-01-16T22:42:32.111+0000] {processor.py:829} INFO - Processing file /opt/airflow/dags/bronze_ingestion_dags.py for tasks to queue
[2026-01-16T22:42:32.112+0000] {logging_mixin.py:154} INFO - [2026-01-16T22:42:32.112+0000] {dagbag.py:536} INFO - Filling up the DagBag from /opt/airflow/dags/bronze_ingestion_dags.py
[2026-01-16T22:42:32.120+0000] {logging_mixin.py:154} INFO - [2026-01-16T22:42:32.117+0000] {dagbag.py:346} ERROR - Failed to import: /opt/airflow/dags/bronze_ingestion_dags.py
Traceback (most recent call last):
  File "/home/airflow/.local/lib/python3.8/site-packages/airflow/models/dagbag.py", line 342, in parse
    loader.exec_module(new_module)
  File "<frozen importlib._bootstrap_external>", line 839, in exec_module
  File "<frozen importlib._bootstrap_external>", line 976, in get_code
  File "<frozen importlib._bootstrap_external>", line 906, in source_to_code
  File "<frozen importlib._bootstrap>", line 219, in _call_with_frames_removed
  File "/opt/airflow/dags/bronze_ingestion_dags.py", line 10
    tags=["bronze", "tlc"]
    ^
SyntaxError: invalid syntax
[2026-01-16T22:42:32.121+0000] {processor.py:841} WARNING - No viable dags retrieved from /opt/airflow/dags/bronze_ingestion_dags.py
[2026-01-16T22:42:32.137+0000] {processor.py:179} INFO - Processing /opt/airflow/dags/bronze_ingestion_dags.py took 0.031 seconds
[2026-01-16T22:42:36.326+0000] {processor.py:157} INFO - Started process (PID=433) to work on /opt/airflow/dags/bronze_ingestion_dags.py
[2026-01-16T22:42:36.328+0000] {processor.py:829} INFO - Processing file /opt/airflow/dags/bronze_ingestion_dags.py for tasks to queue
[2026-01-16T22:42:36.332+0000] {logging_mixin.py:154} INFO - [2026-01-16T22:42:36.330+0000] {dagbag.py:536} INFO - Filling up the DagBag from /opt/airflow/dags/bronze_ingestion_dags.py
[2026-01-16T22:42:36.337+0000] {logging_mixin.py:154} INFO - [2026-01-16T22:42:36.336+0000] {dagbag.py:346} ERROR - Failed to import: /opt/airflow/dags/bronze_ingestion_dags.py
Traceback (most recent call last):
  File "/home/airflow/.local/lib/python3.8/site-packages/airflow/models/dagbag.py", line 342, in parse
    loader.exec_module(new_module)
  File "<frozen importlib._bootstrap_external>", line 839, in exec_module
  File "<frozen importlib._bootstrap_external>", line 976, in get_code
  File "<frozen importlib._bootstrap_external>", line 906, in source_to_code
  File "<frozen importlib._bootstrap>", line 219, in _call_with_frames_removed
  File "/opt/airflow/dags/bronze_ingestion_dags.py", line 10
    tags=["bronze", "tlc"]
    ^
SyntaxError: invalid syntax
[2026-01-16T22:42:36.337+0000] {processor.py:841} WARNING - No viable dags retrieved from /opt/airflow/dags/bronze_ingestion_dags.py
[2026-01-16T22:42:36.377+0000] {processor.py:179} INFO - Processing /opt/airflow/dags/bronze_ingestion_dags.py took 0.058 seconds
[2026-01-16T22:42:55.663+0000] {processor.py:157} INFO - Started process (PID=438) to work on /opt/airflow/dags/bronze_ingestion_dags.py
[2026-01-16T22:42:55.665+0000] {processor.py:829} INFO - Processing file /opt/airflow/dags/bronze_ingestion_dags.py for tasks to queue
[2026-01-16T22:42:55.666+0000] {logging_mixin.py:154} INFO - [2026-01-16T22:42:55.665+0000] {dagbag.py:536} INFO - Filling up the DagBag from /opt/airflow/dags/bronze_ingestion_dags.py
[2026-01-16T22:42:55.674+0000] {logging_mixin.py:154} INFO - [2026-01-16T22:42:55.673+0000] {dagbag.py:346} ERROR - Failed to import: /opt/airflow/dags/bronze_ingestion_dags.py
Traceback (most recent call last):
  File "/home/airflow/.local/lib/python3.8/site-packages/airflow/models/dagbag.py", line 342, in parse
    loader.exec_module(new_module)
  File "<frozen importlib._bootstrap_external>", line 839, in exec_module
  File "<frozen importlib._bootstrap_external>", line 976, in get_code
  File "<frozen importlib._bootstrap_external>", line 906, in source_to_code
  File "<frozen importlib._bootstrap>", line 219, in _call_with_frames_removed
  File "/opt/airflow/dags/bronze_ingestion_dags.py", line 10
    tags=["bronze", "tlc"]
    ^
SyntaxError: invalid syntax
[2026-01-16T22:42:55.674+0000] {processor.py:841} WARNING - No viable dags retrieved from /opt/airflow/dags/bronze_ingestion_dags.py
[2026-01-16T22:42:55.710+0000] {processor.py:179} INFO - Processing /opt/airflow/dags/bronze_ingestion_dags.py took 0.056 seconds
[2026-01-16T22:43:25.907+0000] {processor.py:157} INFO - Started process (PID=443) to work on /opt/airflow/dags/bronze_ingestion_dags.py
[2026-01-16T22:43:25.910+0000] {processor.py:829} INFO - Processing file /opt/airflow/dags/bronze_ingestion_dags.py for tasks to queue
[2026-01-16T22:43:25.911+0000] {logging_mixin.py:154} INFO - [2026-01-16T22:43:25.910+0000] {dagbag.py:536} INFO - Filling up the DagBag from /opt/airflow/dags/bronze_ingestion_dags.py
[2026-01-16T22:43:25.915+0000] {logging_mixin.py:154} INFO - [2026-01-16T22:43:25.913+0000] {dagbag.py:346} ERROR - Failed to import: /opt/airflow/dags/bronze_ingestion_dags.py
Traceback (most recent call last):
  File "/home/airflow/.local/lib/python3.8/site-packages/airflow/models/dagbag.py", line 342, in parse
    loader.exec_module(new_module)
  File "<frozen importlib._bootstrap_external>", line 839, in exec_module
  File "<frozen importlib._bootstrap_external>", line 976, in get_code
  File "<frozen importlib._bootstrap_external>", line 906, in source_to_code
  File "<frozen importlib._bootstrap>", line 219, in _call_with_frames_removed
  File "/opt/airflow/dags/bronze_ingestion_dags.py", line 10
    tags=["bronze", "tlc"]
    ^
SyntaxError: invalid syntax
[2026-01-16T22:43:25.915+0000] {processor.py:841} WARNING - No viable dags retrieved from /opt/airflow/dags/bronze_ingestion_dags.py
[2026-01-16T22:43:25.939+0000] {processor.py:179} INFO - Processing /opt/airflow/dags/bronze_ingestion_dags.py took 0.042 seconds
[2026-01-16T22:43:56.275+0000] {processor.py:157} INFO - Started process (PID=448) to work on /opt/airflow/dags/bronze_ingestion_dags.py
[2026-01-16T22:43:56.277+0000] {processor.py:829} INFO - Processing file /opt/airflow/dags/bronze_ingestion_dags.py for tasks to queue
[2026-01-16T22:43:56.278+0000] {logging_mixin.py:154} INFO - [2026-01-16T22:43:56.278+0000] {dagbag.py:536} INFO - Filling up the DagBag from /opt/airflow/dags/bronze_ingestion_dags.py
[2026-01-16T22:43:56.286+0000] {logging_mixin.py:154} INFO - [2026-01-16T22:43:56.284+0000] {dagbag.py:346} ERROR - Failed to import: /opt/airflow/dags/bronze_ingestion_dags.py
Traceback (most recent call last):
  File "/home/airflow/.local/lib/python3.8/site-packages/airflow/models/dagbag.py", line 342, in parse
    loader.exec_module(new_module)
  File "<frozen importlib._bootstrap_external>", line 839, in exec_module
  File "<frozen importlib._bootstrap_external>", line 976, in get_code
  File "<frozen importlib._bootstrap_external>", line 906, in source_to_code
  File "<frozen importlib._bootstrap>", line 219, in _call_with_frames_removed
  File "/opt/airflow/dags/bronze_ingestion_dags.py", line 10
    tags=["bronze", "tlc"]
    ^
SyntaxError: invalid syntax
[2026-01-16T22:43:56.286+0000] {processor.py:841} WARNING - No viable dags retrieved from /opt/airflow/dags/bronze_ingestion_dags.py
[2026-01-16T22:43:56.323+0000] {processor.py:179} INFO - Processing /opt/airflow/dags/bronze_ingestion_dags.py took 0.055 seconds
[2026-01-16T22:44:26.675+0000] {processor.py:157} INFO - Started process (PID=453) to work on /opt/airflow/dags/bronze_ingestion_dags.py
[2026-01-16T22:44:26.678+0000] {processor.py:829} INFO - Processing file /opt/airflow/dags/bronze_ingestion_dags.py for tasks to queue
[2026-01-16T22:44:26.679+0000] {logging_mixin.py:154} INFO - [2026-01-16T22:44:26.678+0000] {dagbag.py:536} INFO - Filling up the DagBag from /opt/airflow/dags/bronze_ingestion_dags.py
[2026-01-16T22:44:26.683+0000] {logging_mixin.py:154} INFO - [2026-01-16T22:44:26.682+0000] {dagbag.py:346} ERROR - Failed to import: /opt/airflow/dags/bronze_ingestion_dags.py
Traceback (most recent call last):
  File "/home/airflow/.local/lib/python3.8/site-packages/airflow/models/dagbag.py", line 342, in parse
    loader.exec_module(new_module)
  File "<frozen importlib._bootstrap_external>", line 839, in exec_module
  File "<frozen importlib._bootstrap_external>", line 976, in get_code
  File "<frozen importlib._bootstrap_external>", line 906, in source_to_code
  File "<frozen importlib._bootstrap>", line 219, in _call_with_frames_removed
  File "/opt/airflow/dags/bronze_ingestion_dags.py", line 10
    tags=["bronze", "tlc"]
    ^
SyntaxError: invalid syntax
[2026-01-16T22:44:26.685+0000] {processor.py:841} WARNING - No viable dags retrieved from /opt/airflow/dags/bronze_ingestion_dags.py
[2026-01-16T22:44:26.716+0000] {processor.py:179} INFO - Processing /opt/airflow/dags/bronze_ingestion_dags.py took 0.045 seconds
[2026-01-16T22:44:56.974+0000] {processor.py:157} INFO - Started process (PID=458) to work on /opt/airflow/dags/bronze_ingestion_dags.py
[2026-01-16T22:44:56.976+0000] {processor.py:829} INFO - Processing file /opt/airflow/dags/bronze_ingestion_dags.py for tasks to queue
[2026-01-16T22:44:56.978+0000] {logging_mixin.py:154} INFO - [2026-01-16T22:44:56.977+0000] {dagbag.py:536} INFO - Filling up the DagBag from /opt/airflow/dags/bronze_ingestion_dags.py
[2026-01-16T22:44:56.986+0000] {logging_mixin.py:154} INFO - [2026-01-16T22:44:56.985+0000] {dagbag.py:346} ERROR - Failed to import: /opt/airflow/dags/bronze_ingestion_dags.py
Traceback (most recent call last):
  File "/home/airflow/.local/lib/python3.8/site-packages/airflow/models/dagbag.py", line 342, in parse
    loader.exec_module(new_module)
  File "<frozen importlib._bootstrap_external>", line 839, in exec_module
  File "<frozen importlib._bootstrap_external>", line 976, in get_code
  File "<frozen importlib._bootstrap_external>", line 906, in source_to_code
  File "<frozen importlib._bootstrap>", line 219, in _call_with_frames_removed
  File "/opt/airflow/dags/bronze_ingestion_dags.py", line 10
    tags=["bronze", "tlc"]
    ^
SyntaxError: invalid syntax
[2026-01-16T22:44:56.987+0000] {processor.py:841} WARNING - No viable dags retrieved from /opt/airflow/dags/bronze_ingestion_dags.py
[2026-01-16T22:44:57.007+0000] {processor.py:179} INFO - Processing /opt/airflow/dags/bronze_ingestion_dags.py took 0.038 seconds
[2026-01-16T22:45:27.415+0000] {processor.py:157} INFO - Started process (PID=463) to work on /opt/airflow/dags/bronze_ingestion_dags.py
[2026-01-16T22:45:27.417+0000] {processor.py:829} INFO - Processing file /opt/airflow/dags/bronze_ingestion_dags.py for tasks to queue
[2026-01-16T22:45:27.418+0000] {logging_mixin.py:154} INFO - [2026-01-16T22:45:27.418+0000] {dagbag.py:536} INFO - Filling up the DagBag from /opt/airflow/dags/bronze_ingestion_dags.py
[2026-01-16T22:45:27.424+0000] {logging_mixin.py:154} INFO - [2026-01-16T22:45:27.422+0000] {dagbag.py:346} ERROR - Failed to import: /opt/airflow/dags/bronze_ingestion_dags.py
Traceback (most recent call last):
  File "/home/airflow/.local/lib/python3.8/site-packages/airflow/models/dagbag.py", line 342, in parse
    loader.exec_module(new_module)
  File "<frozen importlib._bootstrap_external>", line 839, in exec_module
  File "<frozen importlib._bootstrap_external>", line 976, in get_code
  File "<frozen importlib._bootstrap_external>", line 906, in source_to_code
  File "<frozen importlib._bootstrap>", line 219, in _call_with_frames_removed
  File "/opt/airflow/dags/bronze_ingestion_dags.py", line 10
    tags=["bronze", "tlc"]
    ^
SyntaxError: invalid syntax
[2026-01-16T22:45:27.424+0000] {processor.py:841} WARNING - No viable dags retrieved from /opt/airflow/dags/bronze_ingestion_dags.py
[2026-01-16T22:45:27.453+0000] {processor.py:179} INFO - Processing /opt/airflow/dags/bronze_ingestion_dags.py took 0.048 seconds
[2026-01-16T22:45:57.750+0000] {processor.py:157} INFO - Started process (PID=468) to work on /opt/airflow/dags/bronze_ingestion_dags.py
[2026-01-16T22:45:57.753+0000] {processor.py:829} INFO - Processing file /opt/airflow/dags/bronze_ingestion_dags.py for tasks to queue
[2026-01-16T22:45:57.754+0000] {logging_mixin.py:154} INFO - [2026-01-16T22:45:57.754+0000] {dagbag.py:536} INFO - Filling up the DagBag from /opt/airflow/dags/bronze_ingestion_dags.py
[2026-01-16T22:45:57.758+0000] {logging_mixin.py:154} INFO - [2026-01-16T22:45:57.757+0000] {dagbag.py:346} ERROR - Failed to import: /opt/airflow/dags/bronze_ingestion_dags.py
Traceback (most recent call last):
  File "/home/airflow/.local/lib/python3.8/site-packages/airflow/models/dagbag.py", line 342, in parse
    loader.exec_module(new_module)
  File "<frozen importlib._bootstrap_external>", line 839, in exec_module
  File "<frozen importlib._bootstrap_external>", line 976, in get_code
  File "<frozen importlib._bootstrap_external>", line 906, in source_to_code
  File "<frozen importlib._bootstrap>", line 219, in _call_with_frames_removed
  File "/opt/airflow/dags/bronze_ingestion_dags.py", line 10
    tags=["bronze", "tlc"]
    ^
SyntaxError: invalid syntax
[2026-01-16T22:45:57.759+0000] {processor.py:841} WARNING - No viable dags retrieved from /opt/airflow/dags/bronze_ingestion_dags.py
[2026-01-16T22:45:57.781+0000] {processor.py:179} INFO - Processing /opt/airflow/dags/bronze_ingestion_dags.py took 0.036 seconds
[2026-01-16T22:46:28.185+0000] {processor.py:157} INFO - Started process (PID=473) to work on /opt/airflow/dags/bronze_ingestion_dags.py
[2026-01-16T22:46:28.188+0000] {processor.py:829} INFO - Processing file /opt/airflow/dags/bronze_ingestion_dags.py for tasks to queue
[2026-01-16T22:46:28.189+0000] {logging_mixin.py:154} INFO - [2026-01-16T22:46:28.189+0000] {dagbag.py:536} INFO - Filling up the DagBag from /opt/airflow/dags/bronze_ingestion_dags.py
[2026-01-16T22:46:28.194+0000] {logging_mixin.py:154} INFO - [2026-01-16T22:46:28.193+0000] {dagbag.py:346} ERROR - Failed to import: /opt/airflow/dags/bronze_ingestion_dags.py
Traceback (most recent call last):
  File "/home/airflow/.local/lib/python3.8/site-packages/airflow/models/dagbag.py", line 342, in parse
    loader.exec_module(new_module)
  File "<frozen importlib._bootstrap_external>", line 839, in exec_module
  File "<frozen importlib._bootstrap_external>", line 976, in get_code
  File "<frozen importlib._bootstrap_external>", line 906, in source_to_code
  File "<frozen importlib._bootstrap>", line 219, in _call_with_frames_removed
  File "/opt/airflow/dags/bronze_ingestion_dags.py", line 10
    tags=["bronze", "tlc"]
    ^
SyntaxError: invalid syntax
[2026-01-16T22:46:28.194+0000] {processor.py:841} WARNING - No viable dags retrieved from /opt/airflow/dags/bronze_ingestion_dags.py
[2026-01-16T22:46:28.219+0000] {processor.py:179} INFO - Processing /opt/airflow/dags/bronze_ingestion_dags.py took 0.039 seconds
[2026-01-16T22:46:58.575+0000] {processor.py:157} INFO - Started process (PID=478) to work on /opt/airflow/dags/bronze_ingestion_dags.py
[2026-01-16T22:46:58.576+0000] {processor.py:829} INFO - Processing file /opt/airflow/dags/bronze_ingestion_dags.py for tasks to queue
[2026-01-16T22:46:58.577+0000] {logging_mixin.py:154} INFO - [2026-01-16T22:46:58.576+0000] {dagbag.py:536} INFO - Filling up the DagBag from /opt/airflow/dags/bronze_ingestion_dags.py
[2026-01-16T22:46:58.586+0000] {logging_mixin.py:154} INFO - [2026-01-16T22:46:58.585+0000] {dagbag.py:346} ERROR - Failed to import: /opt/airflow/dags/bronze_ingestion_dags.py
Traceback (most recent call last):
  File "/home/airflow/.local/lib/python3.8/site-packages/airflow/models/dagbag.py", line 342, in parse
    loader.exec_module(new_module)
  File "<frozen importlib._bootstrap_external>", line 839, in exec_module
  File "<frozen importlib._bootstrap_external>", line 976, in get_code
  File "<frozen importlib._bootstrap_external>", line 906, in source_to_code
  File "<frozen importlib._bootstrap>", line 219, in _call_with_frames_removed
  File "/opt/airflow/dags/bronze_ingestion_dags.py", line 10
    tags=["bronze", "tlc"]
    ^
SyntaxError: invalid syntax
[2026-01-16T22:46:58.586+0000] {processor.py:841} WARNING - No viable dags retrieved from /opt/airflow/dags/bronze_ingestion_dags.py
[2026-01-16T22:46:58.609+0000] {processor.py:179} INFO - Processing /opt/airflow/dags/bronze_ingestion_dags.py took 0.039 seconds
[2026-01-16T22:47:28.903+0000] {processor.py:157} INFO - Started process (PID=483) to work on /opt/airflow/dags/bronze_ingestion_dags.py
[2026-01-16T22:47:28.905+0000] {processor.py:829} INFO - Processing file /opt/airflow/dags/bronze_ingestion_dags.py for tasks to queue
[2026-01-16T22:47:28.906+0000] {logging_mixin.py:154} INFO - [2026-01-16T22:47:28.906+0000] {dagbag.py:536} INFO - Filling up the DagBag from /opt/airflow/dags/bronze_ingestion_dags.py
[2026-01-16T22:47:28.915+0000] {logging_mixin.py:154} INFO - [2026-01-16T22:47:28.913+0000] {dagbag.py:346} ERROR - Failed to import: /opt/airflow/dags/bronze_ingestion_dags.py
Traceback (most recent call last):
  File "/home/airflow/.local/lib/python3.8/site-packages/airflow/models/dagbag.py", line 342, in parse
    loader.exec_module(new_module)
  File "<frozen importlib._bootstrap_external>", line 839, in exec_module
  File "<frozen importlib._bootstrap_external>", line 976, in get_code
  File "<frozen importlib._bootstrap_external>", line 906, in source_to_code
  File "<frozen importlib._bootstrap>", line 219, in _call_with_frames_removed
  File "/opt/airflow/dags/bronze_ingestion_dags.py", line 10
    tags=["bronze", "tlc"]
    ^
SyntaxError: invalid syntax
[2026-01-16T22:47:28.915+0000] {processor.py:841} WARNING - No viable dags retrieved from /opt/airflow/dags/bronze_ingestion_dags.py
[2026-01-16T22:47:28.941+0000] {processor.py:179} INFO - Processing /opt/airflow/dags/bronze_ingestion_dags.py took 0.042 seconds
[2026-01-16T22:47:59.210+0000] {processor.py:157} INFO - Started process (PID=488) to work on /opt/airflow/dags/bronze_ingestion_dags.py
[2026-01-16T22:47:59.212+0000] {processor.py:829} INFO - Processing file /opt/airflow/dags/bronze_ingestion_dags.py for tasks to queue
[2026-01-16T22:47:59.213+0000] {logging_mixin.py:154} INFO - [2026-01-16T22:47:59.212+0000] {dagbag.py:536} INFO - Filling up the DagBag from /opt/airflow/dags/bronze_ingestion_dags.py
[2026-01-16T22:47:59.217+0000] {logging_mixin.py:154} INFO - [2026-01-16T22:47:59.216+0000] {dagbag.py:346} ERROR - Failed to import: /opt/airflow/dags/bronze_ingestion_dags.py
Traceback (most recent call last):
  File "/home/airflow/.local/lib/python3.8/site-packages/airflow/models/dagbag.py", line 342, in parse
    loader.exec_module(new_module)
  File "<frozen importlib._bootstrap_external>", line 839, in exec_module
  File "<frozen importlib._bootstrap_external>", line 976, in get_code
  File "<frozen importlib._bootstrap_external>", line 906, in source_to_code
  File "<frozen importlib._bootstrap>", line 219, in _call_with_frames_removed
  File "/opt/airflow/dags/bronze_ingestion_dags.py", line 10
    tags=["bronze", "tlc"]
    ^
SyntaxError: invalid syntax
[2026-01-16T22:47:59.217+0000] {processor.py:841} WARNING - No viable dags retrieved from /opt/airflow/dags/bronze_ingestion_dags.py
[2026-01-16T22:47:59.237+0000] {processor.py:179} INFO - Processing /opt/airflow/dags/bronze_ingestion_dags.py took 0.032 seconds
[2026-01-16T22:48:29.517+0000] {processor.py:157} INFO - Started process (PID=493) to work on /opt/airflow/dags/bronze_ingestion_dags.py
[2026-01-16T22:48:29.518+0000] {processor.py:829} INFO - Processing file /opt/airflow/dags/bronze_ingestion_dags.py for tasks to queue
[2026-01-16T22:48:29.519+0000] {logging_mixin.py:154} INFO - [2026-01-16T22:48:29.519+0000] {dagbag.py:536} INFO - Filling up the DagBag from /opt/airflow/dags/bronze_ingestion_dags.py
[2026-01-16T22:48:29.524+0000] {logging_mixin.py:154} INFO - [2026-01-16T22:48:29.523+0000] {dagbag.py:346} ERROR - Failed to import: /opt/airflow/dags/bronze_ingestion_dags.py
Traceback (most recent call last):
  File "/home/airflow/.local/lib/python3.8/site-packages/airflow/models/dagbag.py", line 342, in parse
    loader.exec_module(new_module)
  File "<frozen importlib._bootstrap_external>", line 839, in exec_module
  File "<frozen importlib._bootstrap_external>", line 976, in get_code
  File "<frozen importlib._bootstrap_external>", line 906, in source_to_code
  File "<frozen importlib._bootstrap>", line 219, in _call_with_frames_removed
  File "/opt/airflow/dags/bronze_ingestion_dags.py", line 10
    tags=["bronze", "tlc"]
    ^
SyntaxError: invalid syntax
[2026-01-16T22:48:29.524+0000] {processor.py:841} WARNING - No viable dags retrieved from /opt/airflow/dags/bronze_ingestion_dags.py
[2026-01-16T22:48:29.560+0000] {processor.py:179} INFO - Processing /opt/airflow/dags/bronze_ingestion_dags.py took 0.051 seconds
[2026-01-16T22:48:59.877+0000] {processor.py:157} INFO - Started process (PID=498) to work on /opt/airflow/dags/bronze_ingestion_dags.py
[2026-01-16T22:48:59.882+0000] {processor.py:829} INFO - Processing file /opt/airflow/dags/bronze_ingestion_dags.py for tasks to queue
[2026-01-16T22:48:59.883+0000] {logging_mixin.py:154} INFO - [2026-01-16T22:48:59.883+0000] {dagbag.py:536} INFO - Filling up the DagBag from /opt/airflow/dags/bronze_ingestion_dags.py
[2026-01-16T22:48:59.895+0000] {logging_mixin.py:154} INFO - [2026-01-16T22:48:59.892+0000] {dagbag.py:346} ERROR - Failed to import: /opt/airflow/dags/bronze_ingestion_dags.py
Traceback (most recent call last):
  File "/home/airflow/.local/lib/python3.8/site-packages/airflow/models/dagbag.py", line 342, in parse
    loader.exec_module(new_module)
  File "<frozen importlib._bootstrap_external>", line 839, in exec_module
  File "<frozen importlib._bootstrap_external>", line 976, in get_code
  File "<frozen importlib._bootstrap_external>", line 906, in source_to_code
  File "<frozen importlib._bootstrap>", line 219, in _call_with_frames_removed
  File "/opt/airflow/dags/bronze_ingestion_dags.py", line 10
    tags=["bronze", "tlc"]
    ^
SyntaxError: invalid syntax
[2026-01-16T22:48:59.896+0000] {processor.py:841} WARNING - No viable dags retrieved from /opt/airflow/dags/bronze_ingestion_dags.py
[2026-01-16T22:48:59.950+0000] {processor.py:179} INFO - Processing /opt/airflow/dags/bronze_ingestion_dags.py took 0.089 seconds
[2026-01-16T22:49:30.214+0000] {processor.py:157} INFO - Started process (PID=503) to work on /opt/airflow/dags/bronze_ingestion_dags.py
[2026-01-16T22:49:30.215+0000] {processor.py:829} INFO - Processing file /opt/airflow/dags/bronze_ingestion_dags.py for tasks to queue
[2026-01-16T22:49:30.216+0000] {logging_mixin.py:154} INFO - [2026-01-16T22:49:30.216+0000] {dagbag.py:536} INFO - Filling up the DagBag from /opt/airflow/dags/bronze_ingestion_dags.py
[2026-01-16T22:49:30.222+0000] {logging_mixin.py:154} INFO - [2026-01-16T22:49:30.220+0000] {dagbag.py:346} ERROR - Failed to import: /opt/airflow/dags/bronze_ingestion_dags.py
Traceback (most recent call last):
  File "/home/airflow/.local/lib/python3.8/site-packages/airflow/models/dagbag.py", line 342, in parse
    loader.exec_module(new_module)
  File "<frozen importlib._bootstrap_external>", line 839, in exec_module
  File "<frozen importlib._bootstrap_external>", line 976, in get_code
  File "<frozen importlib._bootstrap_external>", line 906, in source_to_code
  File "<frozen importlib._bootstrap>", line 219, in _call_with_frames_removed
  File "/opt/airflow/dags/bronze_ingestion_dags.py", line 10
    tags=["bronze", "tlc"]
    ^
SyntaxError: invalid syntax
[2026-01-16T22:49:30.222+0000] {processor.py:841} WARNING - No viable dags retrieved from /opt/airflow/dags/bronze_ingestion_dags.py
[2026-01-16T22:49:30.244+0000] {processor.py:179} INFO - Processing /opt/airflow/dags/bronze_ingestion_dags.py took 0.034 seconds
[2026-01-16T22:50:00.515+0000] {processor.py:157} INFO - Started process (PID=508) to work on /opt/airflow/dags/bronze_ingestion_dags.py
[2026-01-16T22:50:00.517+0000] {processor.py:829} INFO - Processing file /opt/airflow/dags/bronze_ingestion_dags.py for tasks to queue
[2026-01-16T22:50:00.518+0000] {logging_mixin.py:154} INFO - [2026-01-16T22:50:00.518+0000] {dagbag.py:536} INFO - Filling up the DagBag from /opt/airflow/dags/bronze_ingestion_dags.py
[2026-01-16T22:50:00.524+0000] {logging_mixin.py:154} INFO - [2026-01-16T22:50:00.523+0000] {dagbag.py:346} ERROR - Failed to import: /opt/airflow/dags/bronze_ingestion_dags.py
Traceback (most recent call last):
  File "/home/airflow/.local/lib/python3.8/site-packages/airflow/models/dagbag.py", line 342, in parse
    loader.exec_module(new_module)
  File "<frozen importlib._bootstrap_external>", line 839, in exec_module
  File "<frozen importlib._bootstrap_external>", line 976, in get_code
  File "<frozen importlib._bootstrap_external>", line 906, in source_to_code
  File "<frozen importlib._bootstrap>", line 219, in _call_with_frames_removed
  File "/opt/airflow/dags/bronze_ingestion_dags.py", line 10
    tags=["bronze", "tlc"]
    ^
SyntaxError: invalid syntax
[2026-01-16T22:50:00.524+0000] {processor.py:841} WARNING - No viable dags retrieved from /opt/airflow/dags/bronze_ingestion_dags.py
[2026-01-16T22:50:00.551+0000] {processor.py:179} INFO - Processing /opt/airflow/dags/bronze_ingestion_dags.py took 0.044 seconds
[2026-01-16T22:50:30.834+0000] {processor.py:157} INFO - Started process (PID=513) to work on /opt/airflow/dags/bronze_ingestion_dags.py
[2026-01-16T22:50:30.836+0000] {processor.py:829} INFO - Processing file /opt/airflow/dags/bronze_ingestion_dags.py for tasks to queue
[2026-01-16T22:50:30.838+0000] {logging_mixin.py:154} INFO - [2026-01-16T22:50:30.837+0000] {dagbag.py:536} INFO - Filling up the DagBag from /opt/airflow/dags/bronze_ingestion_dags.py
[2026-01-16T22:50:30.846+0000] {logging_mixin.py:154} INFO - [2026-01-16T22:50:30.844+0000] {dagbag.py:346} ERROR - Failed to import: /opt/airflow/dags/bronze_ingestion_dags.py
Traceback (most recent call last):
  File "/home/airflow/.local/lib/python3.8/site-packages/airflow/models/dagbag.py", line 342, in parse
    loader.exec_module(new_module)
  File "<frozen importlib._bootstrap_external>", line 839, in exec_module
  File "<frozen importlib._bootstrap_external>", line 976, in get_code
  File "<frozen importlib._bootstrap_external>", line 906, in source_to_code
  File "<frozen importlib._bootstrap>", line 219, in _call_with_frames_removed
  File "/opt/airflow/dags/bronze_ingestion_dags.py", line 10
    tags=["bronze", "tlc"]
    ^
SyntaxError: invalid syntax
[2026-01-16T22:50:30.847+0000] {processor.py:841} WARNING - No viable dags retrieved from /opt/airflow/dags/bronze_ingestion_dags.py
[2026-01-16T22:50:30.869+0000] {processor.py:179} INFO - Processing /opt/airflow/dags/bronze_ingestion_dags.py took 0.044 seconds
[2026-01-16T22:51:01.099+0000] {processor.py:157} INFO - Started process (PID=518) to work on /opt/airflow/dags/bronze_ingestion_dags.py
[2026-01-16T22:51:01.100+0000] {processor.py:829} INFO - Processing file /opt/airflow/dags/bronze_ingestion_dags.py for tasks to queue
[2026-01-16T22:51:01.101+0000] {logging_mixin.py:154} INFO - [2026-01-16T22:51:01.101+0000] {dagbag.py:536} INFO - Filling up the DagBag from /opt/airflow/dags/bronze_ingestion_dags.py
[2026-01-16T22:51:01.105+0000] {logging_mixin.py:154} INFO - [2026-01-16T22:51:01.104+0000] {dagbag.py:346} ERROR - Failed to import: /opt/airflow/dags/bronze_ingestion_dags.py
Traceback (most recent call last):
  File "/home/airflow/.local/lib/python3.8/site-packages/airflow/models/dagbag.py", line 342, in parse
    loader.exec_module(new_module)
  File "<frozen importlib._bootstrap_external>", line 839, in exec_module
  File "<frozen importlib._bootstrap_external>", line 976, in get_code
  File "<frozen importlib._bootstrap_external>", line 906, in source_to_code
  File "<frozen importlib._bootstrap>", line 219, in _call_with_frames_removed
  File "/opt/airflow/dags/bronze_ingestion_dags.py", line 10
    tags=["bronze", "tlc"]
    ^
SyntaxError: invalid syntax
[2026-01-16T22:51:01.106+0000] {processor.py:841} WARNING - No viable dags retrieved from /opt/airflow/dags/bronze_ingestion_dags.py
[2026-01-16T22:51:01.158+0000] {processor.py:179} INFO - Processing /opt/airflow/dags/bronze_ingestion_dags.py took 0.065 seconds
[2026-01-16T22:51:31.440+0000] {processor.py:157} INFO - Started process (PID=523) to work on /opt/airflow/dags/bronze_ingestion_dags.py
[2026-01-16T22:51:31.441+0000] {processor.py:829} INFO - Processing file /opt/airflow/dags/bronze_ingestion_dags.py for tasks to queue
[2026-01-16T22:51:31.442+0000] {logging_mixin.py:154} INFO - [2026-01-16T22:51:31.442+0000] {dagbag.py:536} INFO - Filling up the DagBag from /opt/airflow/dags/bronze_ingestion_dags.py
[2026-01-16T22:51:31.447+0000] {logging_mixin.py:154} INFO - [2026-01-16T22:51:31.446+0000] {dagbag.py:346} ERROR - Failed to import: /opt/airflow/dags/bronze_ingestion_dags.py
Traceback (most recent call last):
  File "/home/airflow/.local/lib/python3.8/site-packages/airflow/models/dagbag.py", line 342, in parse
    loader.exec_module(new_module)
  File "<frozen importlib._bootstrap_external>", line 839, in exec_module
  File "<frozen importlib._bootstrap_external>", line 976, in get_code
  File "<frozen importlib._bootstrap_external>", line 906, in source_to_code
  File "<frozen importlib._bootstrap>", line 219, in _call_with_frames_removed
  File "/opt/airflow/dags/bronze_ingestion_dags.py", line 10
    tags=["bronze", "tlc"]
    ^
SyntaxError: invalid syntax
[2026-01-16T22:51:31.447+0000] {processor.py:841} WARNING - No viable dags retrieved from /opt/airflow/dags/bronze_ingestion_dags.py
[2026-01-16T22:51:31.465+0000] {processor.py:179} INFO - Processing /opt/airflow/dags/bronze_ingestion_dags.py took 0.031 seconds
[2026-01-16T22:52:01.759+0000] {processor.py:157} INFO - Started process (PID=528) to work on /opt/airflow/dags/bronze_ingestion_dags.py
[2026-01-16T22:52:01.761+0000] {processor.py:829} INFO - Processing file /opt/airflow/dags/bronze_ingestion_dags.py for tasks to queue
[2026-01-16T22:52:01.762+0000] {logging_mixin.py:154} INFO - [2026-01-16T22:52:01.761+0000] {dagbag.py:536} INFO - Filling up the DagBag from /opt/airflow/dags/bronze_ingestion_dags.py
[2026-01-16T22:52:01.766+0000] {logging_mixin.py:154} INFO - [2026-01-16T22:52:01.765+0000] {dagbag.py:346} ERROR - Failed to import: /opt/airflow/dags/bronze_ingestion_dags.py
Traceback (most recent call last):
  File "/home/airflow/.local/lib/python3.8/site-packages/airflow/models/dagbag.py", line 342, in parse
    loader.exec_module(new_module)
  File "<frozen importlib._bootstrap_external>", line 839, in exec_module
  File "<frozen importlib._bootstrap_external>", line 976, in get_code
  File "<frozen importlib._bootstrap_external>", line 906, in source_to_code
  File "<frozen importlib._bootstrap>", line 219, in _call_with_frames_removed
  File "/opt/airflow/dags/bronze_ingestion_dags.py", line 10
    tags=["bronze", "tlc"]
    ^
SyntaxError: invalid syntax
[2026-01-16T22:52:01.766+0000] {processor.py:841} WARNING - No viable dags retrieved from /opt/airflow/dags/bronze_ingestion_dags.py
[2026-01-16T22:52:01.787+0000] {processor.py:179} INFO - Processing /opt/airflow/dags/bronze_ingestion_dags.py took 0.033 seconds
[2026-01-16T22:52:32.047+0000] {processor.py:157} INFO - Started process (PID=533) to work on /opt/airflow/dags/bronze_ingestion_dags.py
[2026-01-16T22:52:32.048+0000] {processor.py:829} INFO - Processing file /opt/airflow/dags/bronze_ingestion_dags.py for tasks to queue
[2026-01-16T22:52:32.049+0000] {logging_mixin.py:154} INFO - [2026-01-16T22:52:32.049+0000] {dagbag.py:536} INFO - Filling up the DagBag from /opt/airflow/dags/bronze_ingestion_dags.py
[2026-01-16T22:52:32.053+0000] {logging_mixin.py:154} INFO - [2026-01-16T22:52:32.052+0000] {dagbag.py:346} ERROR - Failed to import: /opt/airflow/dags/bronze_ingestion_dags.py
Traceback (most recent call last):
  File "/home/airflow/.local/lib/python3.8/site-packages/airflow/models/dagbag.py", line 342, in parse
    loader.exec_module(new_module)
  File "<frozen importlib._bootstrap_external>", line 839, in exec_module
  File "<frozen importlib._bootstrap_external>", line 976, in get_code
  File "<frozen importlib._bootstrap_external>", line 906, in source_to_code
  File "<frozen importlib._bootstrap>", line 219, in _call_with_frames_removed
  File "/opt/airflow/dags/bronze_ingestion_dags.py", line 10
    tags=["bronze", "tlc"]
    ^
SyntaxError: invalid syntax
[2026-01-16T22:52:32.054+0000] {processor.py:841} WARNING - No viable dags retrieved from /opt/airflow/dags/bronze_ingestion_dags.py
[2026-01-16T22:52:32.084+0000] {processor.py:179} INFO - Processing /opt/airflow/dags/bronze_ingestion_dags.py took 0.043 seconds
[2026-01-16T22:53:02.317+0000] {processor.py:157} INFO - Started process (PID=538) to work on /opt/airflow/dags/bronze_ingestion_dags.py
[2026-01-16T22:53:02.318+0000] {processor.py:829} INFO - Processing file /opt/airflow/dags/bronze_ingestion_dags.py for tasks to queue
[2026-01-16T22:53:02.319+0000] {logging_mixin.py:154} INFO - [2026-01-16T22:53:02.319+0000] {dagbag.py:536} INFO - Filling up the DagBag from /opt/airflow/dags/bronze_ingestion_dags.py
[2026-01-16T22:53:02.324+0000] {logging_mixin.py:154} INFO - [2026-01-16T22:53:02.323+0000] {dagbag.py:346} ERROR - Failed to import: /opt/airflow/dags/bronze_ingestion_dags.py
Traceback (most recent call last):
  File "/home/airflow/.local/lib/python3.8/site-packages/airflow/models/dagbag.py", line 342, in parse
    loader.exec_module(new_module)
  File "<frozen importlib._bootstrap_external>", line 839, in exec_module
  File "<frozen importlib._bootstrap_external>", line 976, in get_code
  File "<frozen importlib._bootstrap_external>", line 906, in source_to_code
  File "<frozen importlib._bootstrap>", line 219, in _call_with_frames_removed
  File "/opt/airflow/dags/bronze_ingestion_dags.py", line 10
    tags=["bronze", "tlc"]
    ^
SyntaxError: invalid syntax
[2026-01-16T22:53:02.324+0000] {processor.py:841} WARNING - No viable dags retrieved from /opt/airflow/dags/bronze_ingestion_dags.py
[2026-01-16T22:53:02.343+0000] {processor.py:179} INFO - Processing /opt/airflow/dags/bronze_ingestion_dags.py took 0.030 seconds
[2026-01-16T22:53:32.566+0000] {processor.py:157} INFO - Started process (PID=543) to work on /opt/airflow/dags/bronze_ingestion_dags.py
[2026-01-16T22:53:32.568+0000] {processor.py:829} INFO - Processing file /opt/airflow/dags/bronze_ingestion_dags.py for tasks to queue
[2026-01-16T22:53:32.569+0000] {logging_mixin.py:154} INFO - [2026-01-16T22:53:32.568+0000] {dagbag.py:536} INFO - Filling up the DagBag from /opt/airflow/dags/bronze_ingestion_dags.py
[2026-01-16T22:53:32.578+0000] {logging_mixin.py:154} INFO - [2026-01-16T22:53:32.574+0000] {dagbag.py:346} ERROR - Failed to import: /opt/airflow/dags/bronze_ingestion_dags.py
Traceback (most recent call last):
  File "/home/airflow/.local/lib/python3.8/site-packages/airflow/models/dagbag.py", line 342, in parse
    loader.exec_module(new_module)
  File "<frozen importlib._bootstrap_external>", line 839, in exec_module
  File "<frozen importlib._bootstrap_external>", line 976, in get_code
  File "<frozen importlib._bootstrap_external>", line 906, in source_to_code
  File "<frozen importlib._bootstrap>", line 219, in _call_with_frames_removed
  File "/opt/airflow/dags/bronze_ingestion_dags.py", line 10
    tags=["bronze", "tlc"]
    ^
SyntaxError: invalid syntax
[2026-01-16T22:53:32.578+0000] {processor.py:841} WARNING - No viable dags retrieved from /opt/airflow/dags/bronze_ingestion_dags.py
[2026-01-16T22:53:32.598+0000] {processor.py:179} INFO - Processing /opt/airflow/dags/bronze_ingestion_dags.py took 0.035 seconds
[2026-01-16T22:54:02.820+0000] {processor.py:157} INFO - Started process (PID=548) to work on /opt/airflow/dags/bronze_ingestion_dags.py
[2026-01-16T22:54:02.822+0000] {processor.py:829} INFO - Processing file /opt/airflow/dags/bronze_ingestion_dags.py for tasks to queue
[2026-01-16T22:54:02.823+0000] {logging_mixin.py:154} INFO - [2026-01-16T22:54:02.822+0000] {dagbag.py:536} INFO - Filling up the DagBag from /opt/airflow/dags/bronze_ingestion_dags.py
[2026-01-16T22:54:02.827+0000] {logging_mixin.py:154} INFO - [2026-01-16T22:54:02.826+0000] {dagbag.py:346} ERROR - Failed to import: /opt/airflow/dags/bronze_ingestion_dags.py
Traceback (most recent call last):
  File "/home/airflow/.local/lib/python3.8/site-packages/airflow/models/dagbag.py", line 342, in parse
    loader.exec_module(new_module)
  File "<frozen importlib._bootstrap_external>", line 839, in exec_module
  File "<frozen importlib._bootstrap_external>", line 976, in get_code
  File "<frozen importlib._bootstrap_external>", line 906, in source_to_code
  File "<frozen importlib._bootstrap>", line 219, in _call_with_frames_removed
  File "/opt/airflow/dags/bronze_ingestion_dags.py", line 10
    tags=["bronze", "tlc"]
    ^
SyntaxError: invalid syntax
[2026-01-16T22:54:02.827+0000] {processor.py:841} WARNING - No viable dags retrieved from /opt/airflow/dags/bronze_ingestion_dags.py
[2026-01-16T22:54:02.849+0000] {processor.py:179} INFO - Processing /opt/airflow/dags/bronze_ingestion_dags.py took 0.033 seconds
[2026-01-16T22:54:33.120+0000] {processor.py:157} INFO - Started process (PID=553) to work on /opt/airflow/dags/bronze_ingestion_dags.py
[2026-01-16T22:54:33.121+0000] {processor.py:829} INFO - Processing file /opt/airflow/dags/bronze_ingestion_dags.py for tasks to queue
[2026-01-16T22:54:33.124+0000] {logging_mixin.py:154} INFO - [2026-01-16T22:54:33.122+0000] {dagbag.py:536} INFO - Filling up the DagBag from /opt/airflow/dags/bronze_ingestion_dags.py
[2026-01-16T22:54:33.136+0000] {logging_mixin.py:154} INFO - [2026-01-16T22:54:33.131+0000] {dagbag.py:346} ERROR - Failed to import: /opt/airflow/dags/bronze_ingestion_dags.py
Traceback (most recent call last):
  File "/home/airflow/.local/lib/python3.8/site-packages/airflow/models/dagbag.py", line 342, in parse
    loader.exec_module(new_module)
  File "<frozen importlib._bootstrap_external>", line 839, in exec_module
  File "<frozen importlib._bootstrap_external>", line 976, in get_code
  File "<frozen importlib._bootstrap_external>", line 906, in source_to_code
  File "<frozen importlib._bootstrap>", line 219, in _call_with_frames_removed
  File "/opt/airflow/dags/bronze_ingestion_dags.py", line 10
    tags=["bronze", "tlc"]
    ^
SyntaxError: invalid syntax
[2026-01-16T22:54:33.137+0000] {processor.py:841} WARNING - No viable dags retrieved from /opt/airflow/dags/bronze_ingestion_dags.py
[2026-01-16T22:54:33.165+0000] {processor.py:179} INFO - Processing /opt/airflow/dags/bronze_ingestion_dags.py took 0.056 seconds
[2026-01-16T23:47:55.421+0000] {processor.py:157} INFO - Started process (PID=558) to work on /opt/airflow/dags/bronze_ingestion_dags.py
[2026-01-16T23:47:55.426+0000] {processor.py:829} INFO - Processing file /opt/airflow/dags/bronze_ingestion_dags.py for tasks to queue
[2026-01-16T23:47:55.439+0000] {logging_mixin.py:154} INFO - [2026-01-16T23:47:55.432+0000] {dagbag.py:536} INFO - Filling up the DagBag from /opt/airflow/dags/bronze_ingestion_dags.py
[2026-01-16T23:47:55.496+0000] {logging_mixin.py:154} INFO - [2026-01-16T23:47:55.480+0000] {dagbag.py:346} ERROR - Failed to import: /opt/airflow/dags/bronze_ingestion_dags.py
Traceback (most recent call last):
  File "/home/airflow/.local/lib/python3.8/site-packages/airflow/models/dagbag.py", line 342, in parse
    loader.exec_module(new_module)
  File "<frozen importlib._bootstrap_external>", line 839, in exec_module
  File "<frozen importlib._bootstrap_external>", line 976, in get_code
  File "<frozen importlib._bootstrap_external>", line 906, in source_to_code
  File "<frozen importlib._bootstrap>", line 219, in _call_with_frames_removed
  File "/opt/airflow/dags/bronze_ingestion_dags.py", line 10
    tags=["bronze", "tlc"]
    ^
SyntaxError: invalid syntax
[2026-01-16T23:47:55.497+0000] {processor.py:841} WARNING - No viable dags retrieved from /opt/airflow/dags/bronze_ingestion_dags.py
[2026-01-16T23:47:56.458+0000] {processor.py:179} INFO - Processing /opt/airflow/dags/bronze_ingestion_dags.py took 1.093 seconds
[2026-01-16T23:48:26.849+0000] {processor.py:157} INFO - Started process (PID=569) to work on /opt/airflow/dags/bronze_ingestion_dags.py
[2026-01-16T23:48:26.860+0000] {processor.py:829} INFO - Processing file /opt/airflow/dags/bronze_ingestion_dags.py for tasks to queue
[2026-01-16T23:48:26.862+0000] {logging_mixin.py:154} INFO - [2026-01-16T23:48:26.860+0000] {dagbag.py:536} INFO - Filling up the DagBag from /opt/airflow/dags/bronze_ingestion_dags.py
[2026-01-16T23:48:26.892+0000] {logging_mixin.py:154} INFO - [2026-01-16T23:48:26.882+0000] {dagbag.py:346} ERROR - Failed to import: /opt/airflow/dags/bronze_ingestion_dags.py
Traceback (most recent call last):
  File "/home/airflow/.local/lib/python3.8/site-packages/airflow/models/dagbag.py", line 342, in parse
    loader.exec_module(new_module)
  File "<frozen importlib._bootstrap_external>", line 839, in exec_module
  File "<frozen importlib._bootstrap_external>", line 976, in get_code
  File "<frozen importlib._bootstrap_external>", line 906, in source_to_code
  File "<frozen importlib._bootstrap>", line 219, in _call_with_frames_removed
  File "/opt/airflow/dags/bronze_ingestion_dags.py", line 10
    tags=["bronze", "tlc"]
    ^
SyntaxError: invalid syntax
[2026-01-16T23:48:26.893+0000] {processor.py:841} WARNING - No viable dags retrieved from /opt/airflow/dags/bronze_ingestion_dags.py
[2026-01-16T23:48:26.928+0000] {processor.py:179} INFO - Processing /opt/airflow/dags/bronze_ingestion_dags.py took 0.099 seconds
[2026-01-16T23:48:57.116+0000] {processor.py:157} INFO - Started process (PID=574) to work on /opt/airflow/dags/bronze_ingestion_dags.py
[2026-01-16T23:48:57.117+0000] {processor.py:829} INFO - Processing file /opt/airflow/dags/bronze_ingestion_dags.py for tasks to queue
[2026-01-16T23:48:57.118+0000] {logging_mixin.py:154} INFO - [2026-01-16T23:48:57.117+0000] {dagbag.py:536} INFO - Filling up the DagBag from /opt/airflow/dags/bronze_ingestion_dags.py
[2026-01-16T23:48:57.124+0000] {logging_mixin.py:154} INFO - [2026-01-16T23:48:57.121+0000] {dagbag.py:346} ERROR - Failed to import: /opt/airflow/dags/bronze_ingestion_dags.py
Traceback (most recent call last):
  File "/home/airflow/.local/lib/python3.8/site-packages/airflow/models/dagbag.py", line 342, in parse
    loader.exec_module(new_module)
  File "<frozen importlib._bootstrap_external>", line 839, in exec_module
  File "<frozen importlib._bootstrap_external>", line 976, in get_code
  File "<frozen importlib._bootstrap_external>", line 906, in source_to_code
  File "<frozen importlib._bootstrap>", line 219, in _call_with_frames_removed
  File "/opt/airflow/dags/bronze_ingestion_dags.py", line 10
    tags=["bronze", "tlc"]
    ^
SyntaxError: invalid syntax
[2026-01-16T23:48:57.124+0000] {processor.py:841} WARNING - No viable dags retrieved from /opt/airflow/dags/bronze_ingestion_dags.py
[2026-01-16T23:48:57.141+0000] {processor.py:179} INFO - Processing /opt/airflow/dags/bronze_ingestion_dags.py took 0.031 seconds
[2026-01-16T23:49:27.363+0000] {processor.py:157} INFO - Started process (PID=579) to work on /opt/airflow/dags/bronze_ingestion_dags.py
[2026-01-16T23:49:27.364+0000] {processor.py:829} INFO - Processing file /opt/airflow/dags/bronze_ingestion_dags.py for tasks to queue
[2026-01-16T23:49:27.365+0000] {logging_mixin.py:154} INFO - [2026-01-16T23:49:27.365+0000] {dagbag.py:536} INFO - Filling up the DagBag from /opt/airflow/dags/bronze_ingestion_dags.py
[2026-01-16T23:49:27.370+0000] {logging_mixin.py:154} INFO - [2026-01-16T23:49:27.369+0000] {dagbag.py:346} ERROR - Failed to import: /opt/airflow/dags/bronze_ingestion_dags.py
Traceback (most recent call last):
  File "/home/airflow/.local/lib/python3.8/site-packages/airflow/models/dagbag.py", line 342, in parse
    loader.exec_module(new_module)
  File "<frozen importlib._bootstrap_external>", line 839, in exec_module
  File "<frozen importlib._bootstrap_external>", line 976, in get_code
  File "<frozen importlib._bootstrap_external>", line 906, in source_to_code
  File "<frozen importlib._bootstrap>", line 219, in _call_with_frames_removed
  File "/opt/airflow/dags/bronze_ingestion_dags.py", line 10
    tags=["bronze", "tlc"]
    ^
SyntaxError: invalid syntax
[2026-01-16T23:49:27.370+0000] {processor.py:841} WARNING - No viable dags retrieved from /opt/airflow/dags/bronze_ingestion_dags.py
[2026-01-16T23:49:27.390+0000] {processor.py:179} INFO - Processing /opt/airflow/dags/bronze_ingestion_dags.py took 0.031 seconds
[2026-01-16T23:49:57.639+0000] {processor.py:157} INFO - Started process (PID=584) to work on /opt/airflow/dags/bronze_ingestion_dags.py
[2026-01-16T23:49:57.641+0000] {processor.py:829} INFO - Processing file /opt/airflow/dags/bronze_ingestion_dags.py for tasks to queue
[2026-01-16T23:49:57.641+0000] {logging_mixin.py:154} INFO - [2026-01-16T23:49:57.641+0000] {dagbag.py:536} INFO - Filling up the DagBag from /opt/airflow/dags/bronze_ingestion_dags.py
[2026-01-16T23:49:57.649+0000] {logging_mixin.py:154} INFO - [2026-01-16T23:49:57.647+0000] {dagbag.py:346} ERROR - Failed to import: /opt/airflow/dags/bronze_ingestion_dags.py
Traceback (most recent call last):
  File "/home/airflow/.local/lib/python3.8/site-packages/airflow/models/dagbag.py", line 342, in parse
    loader.exec_module(new_module)
  File "<frozen importlib._bootstrap_external>", line 839, in exec_module
  File "<frozen importlib._bootstrap_external>", line 976, in get_code
  File "<frozen importlib._bootstrap_external>", line 906, in source_to_code
  File "<frozen importlib._bootstrap>", line 219, in _call_with_frames_removed
  File "/opt/airflow/dags/bronze_ingestion_dags.py", line 10
    tags=["bronze", "tlc"]
    ^
SyntaxError: invalid syntax
[2026-01-16T23:49:57.649+0000] {processor.py:841} WARNING - No viable dags retrieved from /opt/airflow/dags/bronze_ingestion_dags.py
[2026-01-16T23:49:57.672+0000] {processor.py:179} INFO - Processing /opt/airflow/dags/bronze_ingestion_dags.py took 0.037 seconds
