[2026-01-20T00:53:48.738+0000] {processor.py:157} INFO - Started process (PID=13279) to work on /opt/airflow/dags/gold-ingestion_dags.py
[2026-01-20T00:53:48.744+0000] {processor.py:829} INFO - Processing file /opt/airflow/dags/gold-ingestion_dags.py for tasks to queue
[2026-01-20T00:53:48.751+0000] {logging_mixin.py:154} INFO - [2026-01-20T00:53:48.750+0000] {dagbag.py:536} INFO - Filling up the DagBag from /opt/airflow/dags/gold-ingestion_dags.py
[2026-01-20T00:53:48.825+0000] {processor.py:839} INFO - DAG(s) dict_keys(['silver_to_gold_dbt']) retrieved from /opt/airflow/dags/gold-ingestion_dags.py
[2026-01-20T00:53:49.295+0000] {logging_mixin.py:154} INFO - [2026-01-20T00:53:49.290+0000] {dag.py:2941} INFO - Sync 1 DAGs
[2026-01-20T00:53:49.431+0000] {logging_mixin.py:154} INFO - [2026-01-20T00:53:49.431+0000] {dag.py:3722} INFO - Setting next_dagrun for silver_to_gold_dbt to 2026-01-19T00:00:00+00:00, run_after=2026-01-20T00:00:00+00:00
[2026-01-20T00:53:49.514+0000] {processor.py:179} INFO - Processing /opt/airflow/dags/gold-ingestion_dags.py took 0.807 seconds
[2026-01-20T01:41:38.573+0000] {processor.py:157} INFO - Started process (PID=13293) to work on /opt/airflow/dags/gold-ingestion_dags.py
[2026-01-20T01:41:38.578+0000] {processor.py:829} INFO - Processing file /opt/airflow/dags/gold-ingestion_dags.py for tasks to queue
[2026-01-20T01:41:38.582+0000] {logging_mixin.py:154} INFO - [2026-01-20T01:41:38.581+0000] {dagbag.py:536} INFO - Filling up the DagBag from /opt/airflow/dags/gold-ingestion_dags.py
[2026-01-20T01:41:38.656+0000] {processor.py:839} INFO - DAG(s) dict_keys(['silver_to_gold_dbt']) retrieved from /opt/airflow/dags/gold-ingestion_dags.py
[2026-01-20T01:41:38.725+0000] {logging_mixin.py:154} INFO - [2026-01-20T01:41:38.724+0000] {dag.py:2941} INFO - Sync 1 DAGs
[2026-01-20T01:41:38.765+0000] {logging_mixin.py:154} INFO - [2026-01-20T01:41:38.765+0000] {dag.py:3722} INFO - Setting next_dagrun for silver_to_gold_dbt to 2026-01-19T00:00:00+00:00, run_after=2026-01-20T00:00:00+00:00
[2026-01-20T01:41:38.782+0000] {processor.py:179} INFO - Processing /opt/airflow/dags/gold-ingestion_dags.py took 0.234 seconds
[2026-01-20T02:21:08.062+0000] {processor.py:157} INFO - Started process (PID=13308) to work on /opt/airflow/dags/gold-ingestion_dags.py
[2026-01-20T02:21:08.067+0000] {processor.py:829} INFO - Processing file /opt/airflow/dags/gold-ingestion_dags.py for tasks to queue
[2026-01-20T02:21:08.071+0000] {logging_mixin.py:154} INFO - [2026-01-20T02:21:08.069+0000] {dagbag.py:536} INFO - Filling up the DagBag from /opt/airflow/dags/gold-ingestion_dags.py
[2026-01-20T02:21:08.172+0000] {processor.py:839} INFO - DAG(s) dict_keys(['silver_to_gold_dbt']) retrieved from /opt/airflow/dags/gold-ingestion_dags.py
[2026-01-20T02:21:08.312+0000] {logging_mixin.py:154} INFO - [2026-01-20T02:21:08.312+0000] {dag.py:2941} INFO - Sync 1 DAGs
[2026-01-20T02:21:08.395+0000] {logging_mixin.py:154} INFO - [2026-01-20T02:21:08.395+0000] {dag.py:3722} INFO - Setting next_dagrun for silver_to_gold_dbt to 2026-01-19T00:00:00+00:00, run_after=2026-01-20T00:00:00+00:00
[2026-01-20T02:21:08.409+0000] {processor.py:179} INFO - Processing /opt/airflow/dags/gold-ingestion_dags.py took 0.384 seconds
[2026-01-20T03:12:43.459+0000] {processor.py:157} INFO - Started process (PID=13324) to work on /opt/airflow/dags/gold-ingestion_dags.py
[2026-01-20T03:12:43.464+0000] {processor.py:829} INFO - Processing file /opt/airflow/dags/gold-ingestion_dags.py for tasks to queue
[2026-01-20T03:12:43.469+0000] {logging_mixin.py:154} INFO - [2026-01-20T03:12:43.468+0000] {dagbag.py:536} INFO - Filling up the DagBag from /opt/airflow/dags/gold-ingestion_dags.py
[2026-01-20T03:12:43.529+0000] {processor.py:839} INFO - DAG(s) dict_keys(['silver_to_gold_dbt']) retrieved from /opt/airflow/dags/gold-ingestion_dags.py
[2026-01-20T03:12:43.616+0000] {logging_mixin.py:154} INFO - [2026-01-20T03:12:43.615+0000] {dag.py:2941} INFO - Sync 1 DAGs
[2026-01-20T03:12:43.675+0000] {logging_mixin.py:154} INFO - [2026-01-20T03:12:43.675+0000] {dag.py:3722} INFO - Setting next_dagrun for silver_to_gold_dbt to 2026-01-19T00:00:00+00:00, run_after=2026-01-20T00:00:00+00:00
[2026-01-20T03:12:43.703+0000] {processor.py:179} INFO - Processing /opt/airflow/dags/gold-ingestion_dags.py took 0.268 seconds
[2026-01-20T04:33:43.312+0000] {processor.py:157} INFO - Started process (PID=13339) to work on /opt/airflow/dags/gold-ingestion_dags.py
[2026-01-20T04:33:43.316+0000] {processor.py:829} INFO - Processing file /opt/airflow/dags/gold-ingestion_dags.py for tasks to queue
[2026-01-20T04:33:43.320+0000] {logging_mixin.py:154} INFO - [2026-01-20T04:33:43.319+0000] {dagbag.py:536} INFO - Filling up the DagBag from /opt/airflow/dags/gold-ingestion_dags.py
[2026-01-20T04:33:43.417+0000] {processor.py:839} INFO - DAG(s) dict_keys(['silver_to_gold_dbt']) retrieved from /opt/airflow/dags/gold-ingestion_dags.py
[2026-01-20T04:33:43.538+0000] {logging_mixin.py:154} INFO - [2026-01-20T04:33:43.537+0000] {dag.py:2941} INFO - Sync 1 DAGs
[2026-01-20T04:33:43.645+0000] {logging_mixin.py:154} INFO - [2026-01-20T04:33:43.644+0000] {dag.py:3722} INFO - Setting next_dagrun for silver_to_gold_dbt to 2026-01-19T00:00:00+00:00, run_after=2026-01-20T00:00:00+00:00
[2026-01-20T04:33:43.778+0000] {processor.py:179} INFO - Processing /opt/airflow/dags/gold-ingestion_dags.py took 0.490 seconds
[2026-01-20T05:23:27.085+0000] {processor.py:157} INFO - Started process (PID=13354) to work on /opt/airflow/dags/gold-ingestion_dags.py
[2026-01-20T05:23:27.089+0000] {processor.py:829} INFO - Processing file /opt/airflow/dags/gold-ingestion_dags.py for tasks to queue
[2026-01-20T05:23:27.095+0000] {logging_mixin.py:154} INFO - [2026-01-20T05:23:27.092+0000] {dagbag.py:536} INFO - Filling up the DagBag from /opt/airflow/dags/gold-ingestion_dags.py
[2026-01-20T05:23:27.243+0000] {processor.py:839} INFO - DAG(s) dict_keys(['silver_to_gold_dbt']) retrieved from /opt/airflow/dags/gold-ingestion_dags.py
[2026-01-20T05:23:27.455+0000] {logging_mixin.py:154} INFO - [2026-01-20T05:23:27.452+0000] {dag.py:2941} INFO - Sync 1 DAGs
[2026-01-20T05:23:27.622+0000] {logging_mixin.py:154} INFO - [2026-01-20T05:23:27.621+0000] {dag.py:3722} INFO - Setting next_dagrun for silver_to_gold_dbt to 2026-01-19T00:00:00+00:00, run_after=2026-01-20T00:00:00+00:00
[2026-01-20T05:23:27.667+0000] {processor.py:179} INFO - Processing /opt/airflow/dags/gold-ingestion_dags.py took 0.623 seconds
[2026-01-20T05:24:14.763+0000] {processor.py:157} INFO - Started process (PID=13369) to work on /opt/airflow/dags/gold-ingestion_dags.py
[2026-01-20T05:24:14.765+0000] {processor.py:829} INFO - Processing file /opt/airflow/dags/gold-ingestion_dags.py for tasks to queue
[2026-01-20T05:24:14.771+0000] {logging_mixin.py:154} INFO - [2026-01-20T05:24:14.767+0000] {dagbag.py:536} INFO - Filling up the DagBag from /opt/airflow/dags/gold-ingestion_dags.py
[2026-01-20T05:24:14.804+0000] {processor.py:839} INFO - DAG(s) dict_keys(['silver_to_gold_dbt']) retrieved from /opt/airflow/dags/gold-ingestion_dags.py
[2026-01-20T05:24:14.841+0000] {logging_mixin.py:154} INFO - [2026-01-20T05:24:14.841+0000] {dag.py:2941} INFO - Sync 1 DAGs
[2026-01-20T05:24:14.860+0000] {logging_mixin.py:154} INFO - [2026-01-20T05:24:14.860+0000] {dag.py:3722} INFO - Setting next_dagrun for silver_to_gold_dbt to 2026-01-19T00:00:00+00:00, run_after=2026-01-20T00:00:00+00:00
[2026-01-20T05:24:14.882+0000] {processor.py:179} INFO - Processing /opt/airflow/dags/gold-ingestion_dags.py took 0.135 seconds
[2026-01-20T05:41:55.763+0000] {processor.py:157} INFO - Started process (PID=13380) to work on /opt/airflow/dags/gold-ingestion_dags.py
[2026-01-20T05:41:55.765+0000] {processor.py:829} INFO - Processing file /opt/airflow/dags/gold-ingestion_dags.py for tasks to queue
[2026-01-20T05:41:55.766+0000] {logging_mixin.py:154} INFO - [2026-01-20T05:41:55.765+0000] {dagbag.py:536} INFO - Filling up the DagBag from /opt/airflow/dags/gold-ingestion_dags.py
[2026-01-20T05:41:55.816+0000] {processor.py:839} INFO - DAG(s) dict_keys(['silver_to_gold_dbt']) retrieved from /opt/airflow/dags/gold-ingestion_dags.py
[2026-01-20T05:41:55.966+0000] {logging_mixin.py:154} INFO - [2026-01-20T05:41:55.965+0000] {dag.py:2941} INFO - Sync 1 DAGs
[2026-01-20T05:41:56.078+0000] {logging_mixin.py:154} INFO - [2026-01-20T05:41:56.077+0000] {dag.py:3722} INFO - Setting next_dagrun for silver_to_gold_dbt to 2026-01-19T00:00:00+00:00, run_after=2026-01-20T00:00:00+00:00
[2026-01-20T05:41:56.116+0000] {processor.py:179} INFO - Processing /opt/airflow/dags/gold-ingestion_dags.py took 0.368 seconds
[2026-01-20T05:55:14.686+0000] {processor.py:157} INFO - Started process (PID=13394) to work on /opt/airflow/dags/gold-ingestion_dags.py
[2026-01-20T05:55:14.689+0000] {processor.py:829} INFO - Processing file /opt/airflow/dags/gold-ingestion_dags.py for tasks to queue
[2026-01-20T05:55:14.691+0000] {logging_mixin.py:154} INFO - [2026-01-20T05:55:14.690+0000] {dagbag.py:536} INFO - Filling up the DagBag from /opt/airflow/dags/gold-ingestion_dags.py
[2026-01-20T05:55:14.746+0000] {processor.py:839} INFO - DAG(s) dict_keys(['silver_to_gold_dbt']) retrieved from /opt/airflow/dags/gold-ingestion_dags.py
[2026-01-20T05:55:14.839+0000] {logging_mixin.py:154} INFO - [2026-01-20T05:55:14.838+0000] {dag.py:2941} INFO - Sync 1 DAGs
[2026-01-20T05:55:14.929+0000] {logging_mixin.py:154} INFO - [2026-01-20T05:55:14.928+0000] {dag.py:3722} INFO - Setting next_dagrun for silver_to_gold_dbt to 2026-01-19T00:00:00+00:00, run_after=2026-01-20T00:00:00+00:00
[2026-01-20T05:55:15.028+0000] {processor.py:179} INFO - Processing /opt/airflow/dags/gold-ingestion_dags.py took 0.347 seconds
[2026-01-20T06:30:07.351+0000] {processor.py:157} INFO - Started process (PID=13408) to work on /opt/airflow/dags/gold-ingestion_dags.py
[2026-01-20T06:30:07.368+0000] {processor.py:829} INFO - Processing file /opt/airflow/dags/gold-ingestion_dags.py for tasks to queue
[2026-01-20T06:30:07.419+0000] {logging_mixin.py:154} INFO - [2026-01-20T06:30:07.379+0000] {dagbag.py:536} INFO - Filling up the DagBag from /opt/airflow/dags/gold-ingestion_dags.py
[2026-01-20T06:30:07.645+0000] {processor.py:839} INFO - DAG(s) dict_keys(['silver_to_gold_dbt']) retrieved from /opt/airflow/dags/gold-ingestion_dags.py
[2026-01-20T06:30:08.101+0000] {logging_mixin.py:154} INFO - [2026-01-20T06:30:08.091+0000] {dag.py:2941} INFO - Sync 1 DAGs
[2026-01-20T06:30:08.383+0000] {logging_mixin.py:154} INFO - [2026-01-20T06:30:08.382+0000] {dag.py:3722} INFO - Setting next_dagrun for silver_to_gold_dbt to 2026-01-19T00:00:00+00:00, run_after=2026-01-20T00:00:00+00:00
[2026-01-20T06:30:08.493+0000] {processor.py:179} INFO - Processing /opt/airflow/dags/gold-ingestion_dags.py took 1.229 seconds
[2026-01-20T07:36:49.066+0000] {processor.py:157} INFO - Started process (PID=13422) to work on /opt/airflow/dags/gold-ingestion_dags.py
[2026-01-20T07:36:49.069+0000] {processor.py:829} INFO - Processing file /opt/airflow/dags/gold-ingestion_dags.py for tasks to queue
[2026-01-20T07:36:49.074+0000] {logging_mixin.py:154} INFO - [2026-01-20T07:36:49.073+0000] {dagbag.py:536} INFO - Filling up the DagBag from /opt/airflow/dags/gold-ingestion_dags.py
[2026-01-20T07:36:49.152+0000] {processor.py:839} INFO - DAG(s) dict_keys(['silver_to_gold_dbt']) retrieved from /opt/airflow/dags/gold-ingestion_dags.py
[2026-01-20T07:36:49.263+0000] {logging_mixin.py:154} INFO - [2026-01-20T07:36:49.263+0000] {dag.py:2941} INFO - Sync 1 DAGs
[2026-01-20T07:36:49.334+0000] {logging_mixin.py:154} INFO - [2026-01-20T07:36:49.333+0000] {dag.py:3722} INFO - Setting next_dagrun for silver_to_gold_dbt to 2026-01-19T00:00:00+00:00, run_after=2026-01-20T00:00:00+00:00
[2026-01-20T07:36:49.406+0000] {processor.py:179} INFO - Processing /opt/airflow/dags/gold-ingestion_dags.py took 0.363 seconds
[2026-01-20T08:56:37.263+0000] {processor.py:157} INFO - Started process (PID=13438) to work on /opt/airflow/dags/gold-ingestion_dags.py
[2026-01-20T08:56:37.267+0000] {processor.py:829} INFO - Processing file /opt/airflow/dags/gold-ingestion_dags.py for tasks to queue
[2026-01-20T08:56:37.301+0000] {logging_mixin.py:154} INFO - [2026-01-20T08:56:37.281+0000] {dagbag.py:536} INFO - Filling up the DagBag from /opt/airflow/dags/gold-ingestion_dags.py
[2026-01-20T08:56:37.393+0000] {processor.py:839} INFO - DAG(s) dict_keys(['silver_to_gold_dbt']) retrieved from /opt/airflow/dags/gold-ingestion_dags.py
[2026-01-20T08:56:37.477+0000] {logging_mixin.py:154} INFO - [2026-01-20T08:56:37.476+0000] {dag.py:2941} INFO - Sync 1 DAGs
[2026-01-20T08:56:37.521+0000] {logging_mixin.py:154} INFO - [2026-01-20T08:56:37.521+0000] {dag.py:3722} INFO - Setting next_dagrun for silver_to_gold_dbt to 2026-01-19T00:00:00+00:00, run_after=2026-01-20T00:00:00+00:00
[2026-01-20T08:56:37.549+0000] {processor.py:179} INFO - Processing /opt/airflow/dags/gold-ingestion_dags.py took 0.314 seconds
[2026-01-20T09:18:09.620+0000] {processor.py:157} INFO - Started process (PID=13450) to work on /opt/airflow/dags/gold-ingestion_dags.py
[2026-01-20T09:18:09.626+0000] {processor.py:829} INFO - Processing file /opt/airflow/dags/gold-ingestion_dags.py for tasks to queue
[2026-01-20T09:18:09.632+0000] {logging_mixin.py:154} INFO - [2026-01-20T09:18:09.630+0000] {dagbag.py:536} INFO - Filling up the DagBag from /opt/airflow/dags/gold-ingestion_dags.py
[2026-01-20T09:18:09.882+0000] {processor.py:839} INFO - DAG(s) dict_keys(['silver_to_gold_dbt']) retrieved from /opt/airflow/dags/gold-ingestion_dags.py
[2026-01-20T09:18:10.123+0000] {logging_mixin.py:154} INFO - [2026-01-20T09:18:10.122+0000] {dag.py:2941} INFO - Sync 1 DAGs
[2026-01-20T09:18:10.171+0000] {logging_mixin.py:154} INFO - [2026-01-20T09:18:10.171+0000] {dag.py:3722} INFO - Setting next_dagrun for silver_to_gold_dbt to 2026-01-19T00:00:00+00:00, run_after=2026-01-20T00:00:00+00:00
[2026-01-20T09:18:10.203+0000] {processor.py:179} INFO - Processing /opt/airflow/dags/gold-ingestion_dags.py took 0.600 seconds
[2026-01-20T10:29:33.054+0000] {processor.py:157} INFO - Started process (PID=13464) to work on /opt/airflow/dags/gold-ingestion_dags.py
[2026-01-20T10:29:33.067+0000] {processor.py:829} INFO - Processing file /opt/airflow/dags/gold-ingestion_dags.py for tasks to queue
[2026-01-20T10:29:33.077+0000] {logging_mixin.py:154} INFO - [2026-01-20T10:29:33.073+0000] {dagbag.py:536} INFO - Filling up the DagBag from /opt/airflow/dags/gold-ingestion_dags.py
[2026-01-20T10:29:33.200+0000] {processor.py:839} INFO - DAG(s) dict_keys(['silver_to_gold_dbt']) retrieved from /opt/airflow/dags/gold-ingestion_dags.py
[2026-01-20T10:29:33.330+0000] {logging_mixin.py:154} INFO - [2026-01-20T10:29:33.329+0000] {dag.py:2941} INFO - Sync 1 DAGs
[2026-01-20T10:29:33.394+0000] {logging_mixin.py:154} INFO - [2026-01-20T10:29:33.393+0000] {dag.py:3722} INFO - Setting next_dagrun for silver_to_gold_dbt to 2026-01-19T00:00:00+00:00, run_after=2026-01-20T00:00:00+00:00
[2026-01-20T10:29:33.465+0000] {processor.py:179} INFO - Processing /opt/airflow/dags/gold-ingestion_dags.py took 0.468 seconds
[2026-01-20T10:30:05.136+0000] {processor.py:157} INFO - Started process (PID=13478) to work on /opt/airflow/dags/gold-ingestion_dags.py
[2026-01-20T10:30:05.154+0000] {processor.py:829} INFO - Processing file /opt/airflow/dags/gold-ingestion_dags.py for tasks to queue
[2026-01-20T10:30:05.182+0000] {logging_mixin.py:154} INFO - [2026-01-20T10:30:05.173+0000] {dagbag.py:536} INFO - Filling up the DagBag from /opt/airflow/dags/gold-ingestion_dags.py
[2026-01-20T10:30:05.588+0000] {processor.py:839} INFO - DAG(s) dict_keys(['silver_to_gold_dbt']) retrieved from /opt/airflow/dags/gold-ingestion_dags.py
[2026-01-20T10:30:06.265+0000] {logging_mixin.py:154} INFO - [2026-01-20T10:30:06.265+0000] {dag.py:2941} INFO - Sync 1 DAGs
[2026-01-20T10:30:06.510+0000] {logging_mixin.py:154} INFO - [2026-01-20T10:30:06.510+0000] {dag.py:3722} INFO - Setting next_dagrun for silver_to_gold_dbt to 2026-01-19T00:00:00+00:00, run_after=2026-01-20T00:00:00+00:00
[2026-01-20T10:30:06.582+0000] {processor.py:179} INFO - Processing /opt/airflow/dags/gold-ingestion_dags.py took 1.718 seconds
