[2026-01-19T00:15:34.415+0000] {processor.py:157} INFO - Started process (PID=12488) to work on /opt/airflow/dags/gold-ingestion_dags.py
[2026-01-19T00:15:34.417+0000] {processor.py:829} INFO - Processing file /opt/airflow/dags/gold-ingestion_dags.py for tasks to queue
[2026-01-19T00:15:34.419+0000] {logging_mixin.py:154} INFO - [2026-01-19T00:15:34.418+0000] {dagbag.py:536} INFO - Filling up the DagBag from /opt/airflow/dags/gold-ingestion_dags.py
[2026-01-19T00:15:34.456+0000] {processor.py:839} INFO - DAG(s) dict_keys(['silver_to_gold_dbt']) retrieved from /opt/airflow/dags/gold-ingestion_dags.py
[2026-01-19T00:15:34.505+0000] {logging_mixin.py:154} INFO - [2026-01-19T00:15:34.504+0000] {dag.py:2941} INFO - Sync 1 DAGs
[2026-01-19T00:15:34.538+0000] {logging_mixin.py:154} INFO - [2026-01-19T00:15:34.538+0000] {dag.py:3722} INFO - Setting next_dagrun for silver_to_gold_dbt to 2026-01-18T00:00:00+00:00, run_after=2026-01-19T00:00:00+00:00
[2026-01-19T00:15:34.551+0000] {processor.py:179} INFO - Processing /opt/airflow/dags/gold-ingestion_dags.py took 0.160 seconds
[2026-01-19T00:43:18.459+0000] {processor.py:157} INFO - Started process (PID=12503) to work on /opt/airflow/dags/gold-ingestion_dags.py
[2026-01-19T00:43:18.463+0000] {processor.py:829} INFO - Processing file /opt/airflow/dags/gold-ingestion_dags.py for tasks to queue
[2026-01-19T00:43:18.466+0000] {logging_mixin.py:154} INFO - [2026-01-19T00:43:18.465+0000] {dagbag.py:536} INFO - Filling up the DagBag from /opt/airflow/dags/gold-ingestion_dags.py
[2026-01-19T00:43:18.532+0000] {processor.py:839} INFO - DAG(s) dict_keys(['silver_to_gold_dbt']) retrieved from /opt/airflow/dags/gold-ingestion_dags.py
[2026-01-19T00:43:18.749+0000] {logging_mixin.py:154} INFO - [2026-01-19T00:43:18.748+0000] {dag.py:2941} INFO - Sync 1 DAGs
[2026-01-19T00:43:18.926+0000] {logging_mixin.py:154} INFO - [2026-01-19T00:43:18.925+0000] {dag.py:3722} INFO - Setting next_dagrun for silver_to_gold_dbt to 2026-01-18T00:00:00+00:00, run_after=2026-01-19T00:00:00+00:00
[2026-01-19T00:43:18.978+0000] {processor.py:179} INFO - Processing /opt/airflow/dags/gold-ingestion_dags.py took 0.531 seconds
[2026-01-19T01:47:19.225+0000] {processor.py:157} INFO - Started process (PID=12518) to work on /opt/airflow/dags/gold-ingestion_dags.py
[2026-01-19T01:47:19.230+0000] {processor.py:829} INFO - Processing file /opt/airflow/dags/gold-ingestion_dags.py for tasks to queue
[2026-01-19T01:47:19.235+0000] {logging_mixin.py:154} INFO - [2026-01-19T01:47:19.233+0000] {dagbag.py:536} INFO - Filling up the DagBag from /opt/airflow/dags/gold-ingestion_dags.py
[2026-01-19T01:47:19.277+0000] {processor.py:839} INFO - DAG(s) dict_keys(['silver_to_gold_dbt']) retrieved from /opt/airflow/dags/gold-ingestion_dags.py
[2026-01-19T01:47:19.431+0000] {logging_mixin.py:154} INFO - [2026-01-19T01:47:19.430+0000] {dag.py:2941} INFO - Sync 1 DAGs
[2026-01-19T01:47:19.533+0000] {logging_mixin.py:154} INFO - [2026-01-19T01:47:19.532+0000] {dag.py:3722} INFO - Setting next_dagrun for silver_to_gold_dbt to 2026-01-18T00:00:00+00:00, run_after=2026-01-19T00:00:00+00:00
[2026-01-19T01:47:19.617+0000] {processor.py:179} INFO - Processing /opt/airflow/dags/gold-ingestion_dags.py took 0.413 seconds
[2026-01-19T02:50:10.304+0000] {processor.py:157} INFO - Started process (PID=12534) to work on /opt/airflow/dags/gold-ingestion_dags.py
[2026-01-19T02:50:10.308+0000] {processor.py:829} INFO - Processing file /opt/airflow/dags/gold-ingestion_dags.py for tasks to queue
[2026-01-19T02:50:10.312+0000] {logging_mixin.py:154} INFO - [2026-01-19T02:50:10.311+0000] {dagbag.py:536} INFO - Filling up the DagBag from /opt/airflow/dags/gold-ingestion_dags.py
[2026-01-19T02:50:10.448+0000] {processor.py:839} INFO - DAG(s) dict_keys(['silver_to_gold_dbt']) retrieved from /opt/airflow/dags/gold-ingestion_dags.py
[2026-01-19T02:50:10.602+0000] {logging_mixin.py:154} INFO - [2026-01-19T02:50:10.602+0000] {dag.py:2941} INFO - Sync 1 DAGs
[2026-01-19T02:50:10.742+0000] {logging_mixin.py:154} INFO - [2026-01-19T02:50:10.741+0000] {dag.py:3722} INFO - Setting next_dagrun for silver_to_gold_dbt to 2026-01-18T00:00:00+00:00, run_after=2026-01-19T00:00:00+00:00
[2026-01-19T02:50:10.766+0000] {processor.py:179} INFO - Processing /opt/airflow/dags/gold-ingestion_dags.py took 0.483 seconds
[2026-01-19T04:29:10.967+0000] {processor.py:157} INFO - Started process (PID=12548) to work on /opt/airflow/dags/gold-ingestion_dags.py
[2026-01-19T04:29:10.968+0000] {processor.py:829} INFO - Processing file /opt/airflow/dags/gold-ingestion_dags.py for tasks to queue
[2026-01-19T04:29:10.970+0000] {logging_mixin.py:154} INFO - [2026-01-19T04:29:10.970+0000] {dagbag.py:536} INFO - Filling up the DagBag from /opt/airflow/dags/gold-ingestion_dags.py
[2026-01-19T04:29:11.013+0000] {processor.py:839} INFO - DAG(s) dict_keys(['silver_to_gold_dbt']) retrieved from /opt/airflow/dags/gold-ingestion_dags.py
[2026-01-19T04:29:11.058+0000] {logging_mixin.py:154} INFO - [2026-01-19T04:29:11.058+0000] {dag.py:2941} INFO - Sync 1 DAGs
[2026-01-19T04:29:11.081+0000] {logging_mixin.py:154} INFO - [2026-01-19T04:29:11.081+0000] {dag.py:3722} INFO - Setting next_dagrun for silver_to_gold_dbt to 2026-01-18T00:00:00+00:00, run_after=2026-01-19T00:00:00+00:00
[2026-01-19T04:29:11.092+0000] {processor.py:179} INFO - Processing /opt/airflow/dags/gold-ingestion_dags.py took 0.133 seconds
[2026-01-19T05:13:32.360+0000] {processor.py:157} INFO - Started process (PID=12564) to work on /opt/airflow/dags/gold-ingestion_dags.py
[2026-01-19T05:13:32.365+0000] {processor.py:829} INFO - Processing file /opt/airflow/dags/gold-ingestion_dags.py for tasks to queue
[2026-01-19T05:13:32.382+0000] {logging_mixin.py:154} INFO - [2026-01-19T05:13:32.372+0000] {dagbag.py:536} INFO - Filling up the DagBag from /opt/airflow/dags/gold-ingestion_dags.py
[2026-01-19T05:13:32.490+0000] {processor.py:839} INFO - DAG(s) dict_keys(['silver_to_gold_dbt']) retrieved from /opt/airflow/dags/gold-ingestion_dags.py
[2026-01-19T05:13:32.642+0000] {logging_mixin.py:154} INFO - [2026-01-19T05:13:32.641+0000] {dag.py:2941} INFO - Sync 1 DAGs
[2026-01-19T05:13:32.965+0000] {logging_mixin.py:154} INFO - [2026-01-19T05:13:32.964+0000] {dag.py:3722} INFO - Setting next_dagrun for silver_to_gold_dbt to 2026-01-18T00:00:00+00:00, run_after=2026-01-19T00:00:00+00:00
[2026-01-19T05:13:33.046+0000] {processor.py:179} INFO - Processing /opt/airflow/dags/gold-ingestion_dags.py took 0.709 seconds
[2026-01-19T06:19:56.694+0000] {processor.py:157} INFO - Started process (PID=12578) to work on /opt/airflow/dags/gold-ingestion_dags.py
[2026-01-19T06:19:56.696+0000] {processor.py:829} INFO - Processing file /opt/airflow/dags/gold-ingestion_dags.py for tasks to queue
[2026-01-19T06:19:56.697+0000] {logging_mixin.py:154} INFO - [2026-01-19T06:19:56.696+0000] {dagbag.py:536} INFO - Filling up the DagBag from /opt/airflow/dags/gold-ingestion_dags.py
[2026-01-19T06:19:56.726+0000] {processor.py:839} INFO - DAG(s) dict_keys(['silver_to_gold_dbt']) retrieved from /opt/airflow/dags/gold-ingestion_dags.py
[2026-01-19T06:19:56.767+0000] {logging_mixin.py:154} INFO - [2026-01-19T06:19:56.766+0000] {dag.py:2941} INFO - Sync 1 DAGs
[2026-01-19T06:19:56.795+0000] {logging_mixin.py:154} INFO - [2026-01-19T06:19:56.795+0000] {dag.py:3722} INFO - Setting next_dagrun for silver_to_gold_dbt to 2026-01-18T00:00:00+00:00, run_after=2026-01-19T00:00:00+00:00
[2026-01-19T06:19:56.811+0000] {processor.py:179} INFO - Processing /opt/airflow/dags/gold-ingestion_dags.py took 0.138 seconds
[2026-01-19T06:57:42.536+0000] {processor.py:157} INFO - Started process (PID=12594) to work on /opt/airflow/dags/gold-ingestion_dags.py
[2026-01-19T06:57:42.543+0000] {processor.py:829} INFO - Processing file /opt/airflow/dags/gold-ingestion_dags.py for tasks to queue
[2026-01-19T06:57:42.550+0000] {logging_mixin.py:154} INFO - [2026-01-19T06:57:42.544+0000] {dagbag.py:536} INFO - Filling up the DagBag from /opt/airflow/dags/gold-ingestion_dags.py
[2026-01-19T06:57:42.645+0000] {processor.py:839} INFO - DAG(s) dict_keys(['silver_to_gold_dbt']) retrieved from /opt/airflow/dags/gold-ingestion_dags.py
[2026-01-19T06:57:42.803+0000] {logging_mixin.py:154} INFO - [2026-01-19T06:57:42.802+0000] {dag.py:2941} INFO - Sync 1 DAGs
[2026-01-19T06:57:42.924+0000] {logging_mixin.py:154} INFO - [2026-01-19T06:57:42.924+0000] {dag.py:3722} INFO - Setting next_dagrun for silver_to_gold_dbt to 2026-01-18T00:00:00+00:00, run_after=2026-01-19T00:00:00+00:00
[2026-01-19T06:57:42.975+0000] {processor.py:179} INFO - Processing /opt/airflow/dags/gold-ingestion_dags.py took 0.459 seconds
[2026-01-19T07:40:49.596+0000] {processor.py:157} INFO - Started process (PID=12608) to work on /opt/airflow/dags/gold-ingestion_dags.py
[2026-01-19T07:40:49.600+0000] {processor.py:829} INFO - Processing file /opt/airflow/dags/gold-ingestion_dags.py for tasks to queue
[2026-01-19T07:40:49.605+0000] {logging_mixin.py:154} INFO - [2026-01-19T07:40:49.604+0000] {dagbag.py:536} INFO - Filling up the DagBag from /opt/airflow/dags/gold-ingestion_dags.py
[2026-01-19T07:40:49.692+0000] {processor.py:839} INFO - DAG(s) dict_keys(['silver_to_gold_dbt']) retrieved from /opt/airflow/dags/gold-ingestion_dags.py
[2026-01-19T07:40:49.789+0000] {logging_mixin.py:154} INFO - [2026-01-19T07:40:49.788+0000] {dag.py:2941} INFO - Sync 1 DAGs
[2026-01-19T07:40:49.855+0000] {logging_mixin.py:154} INFO - [2026-01-19T07:40:49.854+0000] {dag.py:3722} INFO - Setting next_dagrun for silver_to_gold_dbt to 2026-01-18T00:00:00+00:00, run_after=2026-01-19T00:00:00+00:00
[2026-01-19T07:40:49.914+0000] {processor.py:179} INFO - Processing /opt/airflow/dags/gold-ingestion_dags.py took 0.339 seconds
[2026-01-19T08:57:20.410+0000] {processor.py:157} INFO - Started process (PID=12622) to work on /opt/airflow/dags/gold-ingestion_dags.py
[2026-01-19T08:57:20.411+0000] {processor.py:829} INFO - Processing file /opt/airflow/dags/gold-ingestion_dags.py for tasks to queue
[2026-01-19T08:57:20.413+0000] {logging_mixin.py:154} INFO - [2026-01-19T08:57:20.413+0000] {dagbag.py:536} INFO - Filling up the DagBag from /opt/airflow/dags/gold-ingestion_dags.py
[2026-01-19T08:57:20.454+0000] {processor.py:839} INFO - DAG(s) dict_keys(['silver_to_gold_dbt']) retrieved from /opt/airflow/dags/gold-ingestion_dags.py
[2026-01-19T08:57:20.526+0000] {logging_mixin.py:154} INFO - [2026-01-19T08:57:20.526+0000] {dag.py:2941} INFO - Sync 1 DAGs
[2026-01-19T08:57:20.566+0000] {logging_mixin.py:154} INFO - [2026-01-19T08:57:20.565+0000] {dag.py:3722} INFO - Setting next_dagrun for silver_to_gold_dbt to 2026-01-18T00:00:00+00:00, run_after=2026-01-19T00:00:00+00:00
[2026-01-19T08:57:20.583+0000] {processor.py:179} INFO - Processing /opt/airflow/dags/gold-ingestion_dags.py took 0.182 seconds
[2026-01-19T09:42:51.300+0000] {processor.py:157} INFO - Started process (PID=12636) to work on /opt/airflow/dags/gold-ingestion_dags.py
[2026-01-19T09:42:51.303+0000] {processor.py:829} INFO - Processing file /opt/airflow/dags/gold-ingestion_dags.py for tasks to queue
[2026-01-19T09:42:51.304+0000] {logging_mixin.py:154} INFO - [2026-01-19T09:42:51.304+0000] {dagbag.py:536} INFO - Filling up the DagBag from /opt/airflow/dags/gold-ingestion_dags.py
[2026-01-19T09:42:51.370+0000] {processor.py:839} INFO - DAG(s) dict_keys(['silver_to_gold_dbt']) retrieved from /opt/airflow/dags/gold-ingestion_dags.py
[2026-01-19T09:42:51.432+0000] {logging_mixin.py:154} INFO - [2026-01-19T09:42:51.432+0000] {dag.py:2941} INFO - Sync 1 DAGs
[2026-01-19T09:42:51.469+0000] {logging_mixin.py:154} INFO - [2026-01-19T09:42:51.469+0000] {dag.py:3722} INFO - Setting next_dagrun for silver_to_gold_dbt to 2026-01-18T00:00:00+00:00, run_after=2026-01-19T00:00:00+00:00
[2026-01-19T09:42:51.491+0000] {processor.py:179} INFO - Processing /opt/airflow/dags/gold-ingestion_dags.py took 0.211 seconds
[2026-01-19T09:55:40.479+0000] {processor.py:157} INFO - Started process (PID=12654) to work on /opt/airflow/dags/gold-ingestion_dags.py
[2026-01-19T09:55:40.493+0000] {processor.py:829} INFO - Processing file /opt/airflow/dags/gold-ingestion_dags.py for tasks to queue
[2026-01-19T09:55:40.520+0000] {logging_mixin.py:154} INFO - [2026-01-19T09:55:40.505+0000] {dagbag.py:536} INFO - Filling up the DagBag from /opt/airflow/dags/gold-ingestion_dags.py
[2026-01-19T09:55:40.999+0000] {processor.py:839} INFO - DAG(s) dict_keys(['silver_to_gold_dbt']) retrieved from /opt/airflow/dags/gold-ingestion_dags.py
[2026-01-19T09:55:41.506+0000] {logging_mixin.py:154} INFO - [2026-01-19T09:55:41.506+0000] {dag.py:2941} INFO - Sync 1 DAGs
[2026-01-19T09:55:41.761+0000] {logging_mixin.py:154} INFO - [2026-01-19T09:55:41.760+0000] {dag.py:3722} INFO - Setting next_dagrun for silver_to_gold_dbt to 2026-01-18T00:00:00+00:00, run_after=2026-01-19T00:00:00+00:00
[2026-01-19T09:55:41.854+0000] {processor.py:179} INFO - Processing /opt/airflow/dags/gold-ingestion_dags.py took 1.505 seconds
[2026-01-19T09:56:12.210+0000] {processor.py:157} INFO - Started process (PID=12668) to work on /opt/airflow/dags/gold-ingestion_dags.py
[2026-01-19T09:56:12.219+0000] {processor.py:829} INFO - Processing file /opt/airflow/dags/gold-ingestion_dags.py for tasks to queue
[2026-01-19T09:56:12.226+0000] {logging_mixin.py:154} INFO - [2026-01-19T09:56:12.224+0000] {dagbag.py:536} INFO - Filling up the DagBag from /opt/airflow/dags/gold-ingestion_dags.py
[2026-01-19T09:56:12.458+0000] {processor.py:839} INFO - DAG(s) dict_keys(['silver_to_gold_dbt']) retrieved from /opt/airflow/dags/gold-ingestion_dags.py
[2026-01-19T09:56:12.612+0000] {logging_mixin.py:154} INFO - [2026-01-19T09:56:12.612+0000] {dag.py:2941} INFO - Sync 1 DAGs
[2026-01-19T09:56:12.711+0000] {logging_mixin.py:154} INFO - [2026-01-19T09:56:12.710+0000] {dag.py:3722} INFO - Setting next_dagrun for silver_to_gold_dbt to 2026-01-18T00:00:00+00:00, run_after=2026-01-19T00:00:00+00:00
[2026-01-19T09:56:12.740+0000] {processor.py:179} INFO - Processing /opt/airflow/dags/gold-ingestion_dags.py took 0.564 seconds
[2026-01-19T09:56:43.414+0000] {processor.py:157} INFO - Started process (PID=12678) to work on /opt/airflow/dags/gold-ingestion_dags.py
[2026-01-19T09:56:43.417+0000] {processor.py:829} INFO - Processing file /opt/airflow/dags/gold-ingestion_dags.py for tasks to queue
[2026-01-19T09:56:43.419+0000] {logging_mixin.py:154} INFO - [2026-01-19T09:56:43.419+0000] {dagbag.py:536} INFO - Filling up the DagBag from /opt/airflow/dags/gold-ingestion_dags.py
[2026-01-19T09:56:43.468+0000] {processor.py:839} INFO - DAG(s) dict_keys(['silver_to_gold_dbt']) retrieved from /opt/airflow/dags/gold-ingestion_dags.py
[2026-01-19T09:56:43.506+0000] {logging_mixin.py:154} INFO - [2026-01-19T09:56:43.506+0000] {dag.py:2941} INFO - Sync 1 DAGs
[2026-01-19T09:56:43.532+0000] {logging_mixin.py:154} INFO - [2026-01-19T09:56:43.532+0000] {dag.py:3722} INFO - Setting next_dagrun for silver_to_gold_dbt to 2026-01-18T00:00:00+00:00, run_after=2026-01-19T00:00:00+00:00
[2026-01-19T09:56:43.550+0000] {processor.py:179} INFO - Processing /opt/airflow/dags/gold-ingestion_dags.py took 0.143 seconds
[2026-01-19T09:57:14.251+0000] {processor.py:157} INFO - Started process (PID=12688) to work on /opt/airflow/dags/gold-ingestion_dags.py
[2026-01-19T09:57:14.255+0000] {processor.py:829} INFO - Processing file /opt/airflow/dags/gold-ingestion_dags.py for tasks to queue
[2026-01-19T09:57:14.258+0000] {logging_mixin.py:154} INFO - [2026-01-19T09:57:14.257+0000] {dagbag.py:536} INFO - Filling up the DagBag from /opt/airflow/dags/gold-ingestion_dags.py
[2026-01-19T09:57:14.299+0000] {processor.py:839} INFO - DAG(s) dict_keys(['silver_to_gold_dbt']) retrieved from /opt/airflow/dags/gold-ingestion_dags.py
[2026-01-19T09:57:14.366+0000] {logging_mixin.py:154} INFO - [2026-01-19T09:57:14.366+0000] {dag.py:2941} INFO - Sync 1 DAGs
[2026-01-19T09:57:14.415+0000] {logging_mixin.py:154} INFO - [2026-01-19T09:57:14.415+0000] {dag.py:3722} INFO - Setting next_dagrun for silver_to_gold_dbt to 2026-01-18T00:00:00+00:00, run_after=2026-01-19T00:00:00+00:00
[2026-01-19T09:57:14.433+0000] {processor.py:179} INFO - Processing /opt/airflow/dags/gold-ingestion_dags.py took 0.201 seconds
[2026-01-19T09:57:44.890+0000] {processor.py:157} INFO - Started process (PID=12698) to work on /opt/airflow/dags/gold-ingestion_dags.py
[2026-01-19T09:57:44.892+0000] {processor.py:829} INFO - Processing file /opt/airflow/dags/gold-ingestion_dags.py for tasks to queue
[2026-01-19T09:57:44.896+0000] {logging_mixin.py:154} INFO - [2026-01-19T09:57:44.895+0000] {dagbag.py:536} INFO - Filling up the DagBag from /opt/airflow/dags/gold-ingestion_dags.py
[2026-01-19T09:57:44.927+0000] {processor.py:839} INFO - DAG(s) dict_keys(['silver_to_gold_dbt']) retrieved from /opt/airflow/dags/gold-ingestion_dags.py
[2026-01-19T09:57:45.001+0000] {logging_mixin.py:154} INFO - [2026-01-19T09:57:45.001+0000] {dag.py:2941} INFO - Sync 1 DAGs
[2026-01-19T09:57:45.028+0000] {logging_mixin.py:154} INFO - [2026-01-19T09:57:45.028+0000] {dag.py:3722} INFO - Setting next_dagrun for silver_to_gold_dbt to 2026-01-18T00:00:00+00:00, run_after=2026-01-19T00:00:00+00:00
[2026-01-19T09:57:45.050+0000] {processor.py:179} INFO - Processing /opt/airflow/dags/gold-ingestion_dags.py took 0.172 seconds
[2026-01-19T09:58:15.609+0000] {processor.py:157} INFO - Started process (PID=12708) to work on /opt/airflow/dags/gold-ingestion_dags.py
[2026-01-19T09:58:15.612+0000] {processor.py:829} INFO - Processing file /opt/airflow/dags/gold-ingestion_dags.py for tasks to queue
[2026-01-19T09:58:15.617+0000] {logging_mixin.py:154} INFO - [2026-01-19T09:58:15.616+0000] {dagbag.py:536} INFO - Filling up the DagBag from /opt/airflow/dags/gold-ingestion_dags.py
[2026-01-19T09:58:15.655+0000] {processor.py:839} INFO - DAG(s) dict_keys(['silver_to_gold_dbt']) retrieved from /opt/airflow/dags/gold-ingestion_dags.py
[2026-01-19T09:58:15.706+0000] {logging_mixin.py:154} INFO - [2026-01-19T09:58:15.706+0000] {dag.py:2941} INFO - Sync 1 DAGs
[2026-01-19T09:58:15.750+0000] {logging_mixin.py:154} INFO - [2026-01-19T09:58:15.750+0000] {dag.py:3722} INFO - Setting next_dagrun for silver_to_gold_dbt to 2026-01-18T00:00:00+00:00, run_after=2026-01-19T00:00:00+00:00
[2026-01-19T09:58:15.772+0000] {processor.py:179} INFO - Processing /opt/airflow/dags/gold-ingestion_dags.py took 0.180 seconds
[2026-01-19T09:58:46.128+0000] {processor.py:157} INFO - Started process (PID=12718) to work on /opt/airflow/dags/gold-ingestion_dags.py
[2026-01-19T09:58:46.130+0000] {processor.py:829} INFO - Processing file /opt/airflow/dags/gold-ingestion_dags.py for tasks to queue
[2026-01-19T09:58:46.131+0000] {logging_mixin.py:154} INFO - [2026-01-19T09:58:46.130+0000] {dagbag.py:536} INFO - Filling up the DagBag from /opt/airflow/dags/gold-ingestion_dags.py
[2026-01-19T09:58:46.159+0000] {processor.py:839} INFO - DAG(s) dict_keys(['silver_to_gold_dbt']) retrieved from /opt/airflow/dags/gold-ingestion_dags.py
[2026-01-19T09:58:46.206+0000] {logging_mixin.py:154} INFO - [2026-01-19T09:58:46.206+0000] {dag.py:2941} INFO - Sync 1 DAGs
[2026-01-19T09:58:46.231+0000] {logging_mixin.py:154} INFO - [2026-01-19T09:58:46.230+0000] {dag.py:3722} INFO - Setting next_dagrun for silver_to_gold_dbt to 2026-01-18T00:00:00+00:00, run_after=2026-01-19T00:00:00+00:00
[2026-01-19T09:58:46.249+0000] {processor.py:179} INFO - Processing /opt/airflow/dags/gold-ingestion_dags.py took 0.131 seconds
[2026-01-19T09:59:16.650+0000] {processor.py:157} INFO - Started process (PID=12728) to work on /opt/airflow/dags/gold-ingestion_dags.py
[2026-01-19T09:59:16.658+0000] {processor.py:829} INFO - Processing file /opt/airflow/dags/gold-ingestion_dags.py for tasks to queue
[2026-01-19T09:59:16.664+0000] {logging_mixin.py:154} INFO - [2026-01-19T09:59:16.661+0000] {dagbag.py:536} INFO - Filling up the DagBag from /opt/airflow/dags/gold-ingestion_dags.py
[2026-01-19T09:59:16.705+0000] {processor.py:839} INFO - DAG(s) dict_keys(['silver_to_gold_dbt']) retrieved from /opt/airflow/dags/gold-ingestion_dags.py
[2026-01-19T09:59:16.778+0000] {logging_mixin.py:154} INFO - [2026-01-19T09:59:16.778+0000] {dag.py:2941} INFO - Sync 1 DAGs
[2026-01-19T09:59:16.857+0000] {logging_mixin.py:154} INFO - [2026-01-19T09:59:16.856+0000] {dag.py:3722} INFO - Setting next_dagrun for silver_to_gold_dbt to 2026-01-18T00:00:00+00:00, run_after=2026-01-19T00:00:00+00:00
[2026-01-19T09:59:16.893+0000] {processor.py:179} INFO - Processing /opt/airflow/dags/gold-ingestion_dags.py took 0.279 seconds
[2026-01-19T09:59:47.547+0000] {processor.py:157} INFO - Started process (PID=12738) to work on /opt/airflow/dags/gold-ingestion_dags.py
[2026-01-19T09:59:47.549+0000] {processor.py:829} INFO - Processing file /opt/airflow/dags/gold-ingestion_dags.py for tasks to queue
[2026-01-19T09:59:47.552+0000] {logging_mixin.py:154} INFO - [2026-01-19T09:59:47.552+0000] {dagbag.py:536} INFO - Filling up the DagBag from /opt/airflow/dags/gold-ingestion_dags.py
[2026-01-19T09:59:47.583+0000] {processor.py:839} INFO - DAG(s) dict_keys(['silver_to_gold_dbt']) retrieved from /opt/airflow/dags/gold-ingestion_dags.py
[2026-01-19T09:59:47.627+0000] {logging_mixin.py:154} INFO - [2026-01-19T09:59:47.627+0000] {dag.py:2941} INFO - Sync 1 DAGs
[2026-01-19T09:59:47.671+0000] {logging_mixin.py:154} INFO - [2026-01-19T09:59:47.671+0000] {dag.py:3722} INFO - Setting next_dagrun for silver_to_gold_dbt to 2026-01-18T00:00:00+00:00, run_after=2026-01-19T00:00:00+00:00
[2026-01-19T09:59:47.698+0000] {processor.py:179} INFO - Processing /opt/airflow/dags/gold-ingestion_dags.py took 0.161 seconds
[2026-01-19T10:00:18.102+0000] {processor.py:157} INFO - Started process (PID=12748) to work on /opt/airflow/dags/gold-ingestion_dags.py
[2026-01-19T10:00:18.110+0000] {processor.py:829} INFO - Processing file /opt/airflow/dags/gold-ingestion_dags.py for tasks to queue
[2026-01-19T10:00:18.112+0000] {logging_mixin.py:154} INFO - [2026-01-19T10:00:18.112+0000] {dagbag.py:536} INFO - Filling up the DagBag from /opt/airflow/dags/gold-ingestion_dags.py
[2026-01-19T10:00:18.160+0000] {processor.py:839} INFO - DAG(s) dict_keys(['silver_to_gold_dbt']) retrieved from /opt/airflow/dags/gold-ingestion_dags.py
[2026-01-19T10:00:18.206+0000] {logging_mixin.py:154} INFO - [2026-01-19T10:00:18.206+0000] {dag.py:2941} INFO - Sync 1 DAGs
[2026-01-19T10:00:18.281+0000] {logging_mixin.py:154} INFO - [2026-01-19T10:00:18.281+0000] {dag.py:3722} INFO - Setting next_dagrun for silver_to_gold_dbt to 2026-01-18T00:00:00+00:00, run_after=2026-01-19T00:00:00+00:00
[2026-01-19T10:00:18.346+0000] {processor.py:179} INFO - Processing /opt/airflow/dags/gold-ingestion_dags.py took 0.251 seconds
[2026-01-19T10:00:48.768+0000] {processor.py:157} INFO - Started process (PID=12758) to work on /opt/airflow/dags/gold-ingestion_dags.py
[2026-01-19T10:00:48.769+0000] {processor.py:829} INFO - Processing file /opt/airflow/dags/gold-ingestion_dags.py for tasks to queue
[2026-01-19T10:00:48.770+0000] {logging_mixin.py:154} INFO - [2026-01-19T10:00:48.770+0000] {dagbag.py:536} INFO - Filling up the DagBag from /opt/airflow/dags/gold-ingestion_dags.py
[2026-01-19T10:00:48.800+0000] {processor.py:839} INFO - DAG(s) dict_keys(['silver_to_gold_dbt']) retrieved from /opt/airflow/dags/gold-ingestion_dags.py
[2026-01-19T10:00:49.076+0000] {logging_mixin.py:154} INFO - [2026-01-19T10:00:49.076+0000] {dag.py:2941} INFO - Sync 1 DAGs
[2026-01-19T10:00:49.285+0000] {logging_mixin.py:154} INFO - [2026-01-19T10:00:49.285+0000] {dag.py:3722} INFO - Setting next_dagrun for silver_to_gold_dbt to 2026-01-18T00:00:00+00:00, run_after=2026-01-19T00:00:00+00:00
[2026-01-19T10:00:49.386+0000] {processor.py:179} INFO - Processing /opt/airflow/dags/gold-ingestion_dags.py took 0.623 seconds
[2026-01-19T10:01:19.684+0000] {processor.py:157} INFO - Started process (PID=12768) to work on /opt/airflow/dags/gold-ingestion_dags.py
[2026-01-19T10:01:19.686+0000] {processor.py:829} INFO - Processing file /opt/airflow/dags/gold-ingestion_dags.py for tasks to queue
[2026-01-19T10:01:19.687+0000] {logging_mixin.py:154} INFO - [2026-01-19T10:01:19.687+0000] {dagbag.py:536} INFO - Filling up the DagBag from /opt/airflow/dags/gold-ingestion_dags.py
[2026-01-19T10:01:19.718+0000] {processor.py:839} INFO - DAG(s) dict_keys(['silver_to_gold_dbt']) retrieved from /opt/airflow/dags/gold-ingestion_dags.py
[2026-01-19T10:01:19.753+0000] {logging_mixin.py:154} INFO - [2026-01-19T10:01:19.753+0000] {dag.py:2941} INFO - Sync 1 DAGs
[2026-01-19T10:01:19.785+0000] {logging_mixin.py:154} INFO - [2026-01-19T10:01:19.785+0000] {dag.py:3722} INFO - Setting next_dagrun for silver_to_gold_dbt to 2026-01-18T00:00:00+00:00, run_after=2026-01-19T00:00:00+00:00
[2026-01-19T10:01:19.803+0000] {processor.py:179} INFO - Processing /opt/airflow/dags/gold-ingestion_dags.py took 0.127 seconds
[2026-01-19T10:01:50.121+0000] {processor.py:157} INFO - Started process (PID=12778) to work on /opt/airflow/dags/gold-ingestion_dags.py
[2026-01-19T10:01:50.124+0000] {processor.py:829} INFO - Processing file /opt/airflow/dags/gold-ingestion_dags.py for tasks to queue
[2026-01-19T10:01:50.130+0000] {logging_mixin.py:154} INFO - [2026-01-19T10:01:50.129+0000] {dagbag.py:536} INFO - Filling up the DagBag from /opt/airflow/dags/gold-ingestion_dags.py
[2026-01-19T10:01:50.153+0000] {processor.py:839} INFO - DAG(s) dict_keys(['silver_to_gold_dbt']) retrieved from /opt/airflow/dags/gold-ingestion_dags.py
[2026-01-19T10:01:50.195+0000] {logging_mixin.py:154} INFO - [2026-01-19T10:01:50.195+0000] {dag.py:2941} INFO - Sync 1 DAGs
[2026-01-19T10:01:50.285+0000] {logging_mixin.py:154} INFO - [2026-01-19T10:01:50.285+0000] {dag.py:3722} INFO - Setting next_dagrun for silver_to_gold_dbt to 2026-01-18T00:00:00+00:00, run_after=2026-01-19T00:00:00+00:00
[2026-01-19T10:01:50.316+0000] {processor.py:179} INFO - Processing /opt/airflow/dags/gold-ingestion_dags.py took 0.201 seconds
[2026-01-19T10:31:05.486+0000] {processor.py:157} INFO - Started process (PID=12790) to work on /opt/airflow/dags/gold-ingestion_dags.py
[2026-01-19T10:31:05.492+0000] {processor.py:829} INFO - Processing file /opt/airflow/dags/gold-ingestion_dags.py for tasks to queue
[2026-01-19T10:31:05.497+0000] {logging_mixin.py:154} INFO - [2026-01-19T10:31:05.496+0000] {dagbag.py:536} INFO - Filling up the DagBag from /opt/airflow/dags/gold-ingestion_dags.py
[2026-01-19T10:31:05.565+0000] {processor.py:839} INFO - DAG(s) dict_keys(['silver_to_gold_dbt']) retrieved from /opt/airflow/dags/gold-ingestion_dags.py
[2026-01-19T10:31:06.065+0000] {logging_mixin.py:154} INFO - [2026-01-19T10:31:06.065+0000] {dag.py:2941} INFO - Sync 1 DAGs
[2026-01-19T10:31:06.248+0000] {logging_mixin.py:154} INFO - [2026-01-19T10:31:06.248+0000] {dag.py:3722} INFO - Setting next_dagrun for silver_to_gold_dbt to 2026-01-18T00:00:00+00:00, run_after=2026-01-19T00:00:00+00:00
[2026-01-19T10:31:06.276+0000] {processor.py:179} INFO - Processing /opt/airflow/dags/gold-ingestion_dags.py took 0.810 seconds
[2026-01-19T10:46:49.172+0000] {processor.py:157} INFO - Started process (PID=12806) to work on /opt/airflow/dags/gold-ingestion_dags.py
[2026-01-19T10:46:49.186+0000] {processor.py:829} INFO - Processing file /opt/airflow/dags/gold-ingestion_dags.py for tasks to queue
[2026-01-19T10:46:49.189+0000] {logging_mixin.py:154} INFO - [2026-01-19T10:46:49.187+0000] {dagbag.py:536} INFO - Filling up the DagBag from /opt/airflow/dags/gold-ingestion_dags.py
[2026-01-19T10:46:49.366+0000] {processor.py:839} INFO - DAG(s) dict_keys(['silver_to_gold_dbt']) retrieved from /opt/airflow/dags/gold-ingestion_dags.py
[2026-01-19T10:46:49.474+0000] {logging_mixin.py:154} INFO - [2026-01-19T10:46:49.472+0000] {dag.py:2941} INFO - Sync 1 DAGs
[2026-01-19T10:46:49.556+0000] {logging_mixin.py:154} INFO - [2026-01-19T10:46:49.556+0000] {dag.py:3722} INFO - Setting next_dagrun for silver_to_gold_dbt to 2026-01-18T00:00:00+00:00, run_after=2026-01-19T00:00:00+00:00
[2026-01-19T10:46:49.640+0000] {processor.py:179} INFO - Processing /opt/airflow/dags/gold-ingestion_dags.py took 0.879 seconds
[2026-01-19T11:42:58.457+0000] {processor.py:157} INFO - Started process (PID=12822) to work on /opt/airflow/dags/gold-ingestion_dags.py
[2026-01-19T11:42:58.484+0000] {processor.py:829} INFO - Processing file /opt/airflow/dags/gold-ingestion_dags.py for tasks to queue
[2026-01-19T11:42:58.500+0000] {logging_mixin.py:154} INFO - [2026-01-19T11:42:58.494+0000] {dagbag.py:536} INFO - Filling up the DagBag from /opt/airflow/dags/gold-ingestion_dags.py
[2026-01-19T11:42:58.796+0000] {processor.py:839} INFO - DAG(s) dict_keys(['silver_to_gold_dbt']) retrieved from /opt/airflow/dags/gold-ingestion_dags.py
[2026-01-19T11:42:59.067+0000] {logging_mixin.py:154} INFO - [2026-01-19T11:42:59.067+0000] {dag.py:2941} INFO - Sync 1 DAGs
[2026-01-19T11:42:59.080+0000] {logging_mixin.py:154} INFO - [2026-01-19T11:42:59.079+0000] {dag.py:3722} INFO - Setting next_dagrun for silver_to_gold_dbt to 2026-01-18T00:00:00+00:00, run_after=2026-01-19T00:00:00+00:00
[2026-01-19T11:42:59.088+0000] {processor.py:179} INFO - Processing /opt/airflow/dags/gold-ingestion_dags.py took 0.919 seconds
[2026-01-19T11:47:04.195+0000] {processor.py:157} INFO - Started process (PID=12836) to work on /opt/airflow/dags/gold-ingestion_dags.py
[2026-01-19T11:47:04.238+0000] {processor.py:829} INFO - Processing file /opt/airflow/dags/gold-ingestion_dags.py for tasks to queue
[2026-01-19T11:47:04.255+0000] {logging_mixin.py:154} INFO - [2026-01-19T11:47:04.241+0000] {dagbag.py:536} INFO - Filling up the DagBag from /opt/airflow/dags/gold-ingestion_dags.py
[2026-01-19T11:47:04.413+0000] {processor.py:839} INFO - DAG(s) dict_keys(['silver_to_gold_dbt']) retrieved from /opt/airflow/dags/gold-ingestion_dags.py
[2026-01-19T11:47:04.657+0000] {logging_mixin.py:154} INFO - [2026-01-19T11:47:04.657+0000] {dag.py:2941} INFO - Sync 1 DAGs
[2026-01-19T11:47:05.703+0000] {logging_mixin.py:154} INFO - [2026-01-19T11:47:05.701+0000] {dag.py:3722} INFO - Setting next_dagrun for silver_to_gold_dbt to 2026-01-18T00:00:00+00:00, run_after=2026-01-19T00:00:00+00:00
[2026-01-19T11:47:05.831+0000] {processor.py:179} INFO - Processing /opt/airflow/dags/gold-ingestion_dags.py took 1.764 seconds
[2026-01-19T12:12:18.935+0000] {processor.py:157} INFO - Started process (PID=12850) to work on /opt/airflow/dags/gold-ingestion_dags.py
[2026-01-19T12:12:18.992+0000] {processor.py:829} INFO - Processing file /opt/airflow/dags/gold-ingestion_dags.py for tasks to queue
[2026-01-19T12:12:19.041+0000] {logging_mixin.py:154} INFO - [2026-01-19T12:12:19.018+0000] {dagbag.py:536} INFO - Filling up the DagBag from /opt/airflow/dags/gold-ingestion_dags.py
[2026-01-19T12:12:19.670+0000] {processor.py:839} INFO - DAG(s) dict_keys(['silver_to_gold_dbt']) retrieved from /opt/airflow/dags/gold-ingestion_dags.py
[2026-01-19T12:12:20.146+0000] {logging_mixin.py:154} INFO - [2026-01-19T12:12:20.144+0000] {dag.py:2941} INFO - Sync 1 DAGs
[2026-01-19T12:12:20.438+0000] {logging_mixin.py:154} INFO - [2026-01-19T12:12:20.433+0000] {dag.py:3722} INFO - Setting next_dagrun for silver_to_gold_dbt to 2026-01-18T00:00:00+00:00, run_after=2026-01-19T00:00:00+00:00
[2026-01-19T12:12:20.657+0000] {processor.py:179} INFO - Processing /opt/airflow/dags/gold-ingestion_dags.py took 2.187 seconds
[2026-01-19T12:25:18.433+0000] {processor.py:157} INFO - Started process (PID=12864) to work on /opt/airflow/dags/gold-ingestion_dags.py
[2026-01-19T12:25:18.462+0000] {processor.py:829} INFO - Processing file /opt/airflow/dags/gold-ingestion_dags.py for tasks to queue
[2026-01-19T12:25:18.509+0000] {logging_mixin.py:154} INFO - [2026-01-19T12:25:18.497+0000] {dagbag.py:536} INFO - Filling up the DagBag from /opt/airflow/dags/gold-ingestion_dags.py
[2026-01-19T12:25:19.934+0000] {processor.py:839} INFO - DAG(s) dict_keys(['silver_to_gold_dbt']) retrieved from /opt/airflow/dags/gold-ingestion_dags.py
[2026-01-19T12:25:21.059+0000] {logging_mixin.py:154} INFO - [2026-01-19T12:25:21.058+0000] {dag.py:2941} INFO - Sync 1 DAGs
[2026-01-19T12:25:21.455+0000] {logging_mixin.py:154} INFO - [2026-01-19T12:25:21.455+0000] {dag.py:3722} INFO - Setting next_dagrun for silver_to_gold_dbt to 2026-01-18T00:00:00+00:00, run_after=2026-01-19T00:00:00+00:00
[2026-01-19T12:25:21.561+0000] {processor.py:179} INFO - Processing /opt/airflow/dags/gold-ingestion_dags.py took 3.335 seconds
[2026-01-19T12:25:52.444+0000] {processor.py:157} INFO - Started process (PID=12878) to work on /opt/airflow/dags/gold-ingestion_dags.py
[2026-01-19T12:25:52.451+0000] {processor.py:829} INFO - Processing file /opt/airflow/dags/gold-ingestion_dags.py for tasks to queue
[2026-01-19T12:25:52.460+0000] {logging_mixin.py:154} INFO - [2026-01-19T12:25:52.456+0000] {dagbag.py:536} INFO - Filling up the DagBag from /opt/airflow/dags/gold-ingestion_dags.py
[2026-01-19T12:25:52.564+0000] {processor.py:839} INFO - DAG(s) dict_keys(['silver_to_gold_dbt']) retrieved from /opt/airflow/dags/gold-ingestion_dags.py
[2026-01-19T12:25:52.839+0000] {logging_mixin.py:154} INFO - [2026-01-19T12:25:52.839+0000] {dag.py:2941} INFO - Sync 1 DAGs
[2026-01-19T12:25:53.046+0000] {logging_mixin.py:154} INFO - [2026-01-19T12:25:53.043+0000] {dag.py:3722} INFO - Setting next_dagrun for silver_to_gold_dbt to 2026-01-18T00:00:00+00:00, run_after=2026-01-19T00:00:00+00:00
[2026-01-19T12:25:53.063+0000] {processor.py:179} INFO - Processing /opt/airflow/dags/gold-ingestion_dags.py took 0.655 seconds
[2026-01-19T12:26:23.446+0000] {processor.py:157} INFO - Started process (PID=12889) to work on /opt/airflow/dags/gold-ingestion_dags.py
[2026-01-19T12:26:23.447+0000] {processor.py:829} INFO - Processing file /opt/airflow/dags/gold-ingestion_dags.py for tasks to queue
[2026-01-19T12:26:23.450+0000] {logging_mixin.py:154} INFO - [2026-01-19T12:26:23.450+0000] {dagbag.py:536} INFO - Filling up the DagBag from /opt/airflow/dags/gold-ingestion_dags.py
[2026-01-19T12:26:23.489+0000] {processor.py:839} INFO - DAG(s) dict_keys(['silver_to_gold_dbt']) retrieved from /opt/airflow/dags/gold-ingestion_dags.py
[2026-01-19T12:26:23.548+0000] {logging_mixin.py:154} INFO - [2026-01-19T12:26:23.548+0000] {dag.py:2941} INFO - Sync 1 DAGs
[2026-01-19T12:26:23.576+0000] {logging_mixin.py:154} INFO - [2026-01-19T12:26:23.576+0000] {dag.py:3722} INFO - Setting next_dagrun for silver_to_gold_dbt to 2026-01-18T00:00:00+00:00, run_after=2026-01-19T00:00:00+00:00
[2026-01-19T12:26:23.596+0000] {processor.py:179} INFO - Processing /opt/airflow/dags/gold-ingestion_dags.py took 0.171 seconds
[2026-01-19T12:26:54.127+0000] {processor.py:157} INFO - Started process (PID=12899) to work on /opt/airflow/dags/gold-ingestion_dags.py
[2026-01-19T12:26:54.135+0000] {processor.py:829} INFO - Processing file /opt/airflow/dags/gold-ingestion_dags.py for tasks to queue
[2026-01-19T12:26:54.138+0000] {logging_mixin.py:154} INFO - [2026-01-19T12:26:54.138+0000] {dagbag.py:536} INFO - Filling up the DagBag from /opt/airflow/dags/gold-ingestion_dags.py
[2026-01-19T12:26:54.299+0000] {processor.py:839} INFO - DAG(s) dict_keys(['silver_to_gold_dbt']) retrieved from /opt/airflow/dags/gold-ingestion_dags.py
[2026-01-19T12:26:54.894+0000] {logging_mixin.py:154} INFO - [2026-01-19T12:26:54.889+0000] {dag.py:2941} INFO - Sync 1 DAGs
[2026-01-19T12:26:55.000+0000] {logging_mixin.py:154} INFO - [2026-01-19T12:26:54.999+0000] {dag.py:3722} INFO - Setting next_dagrun for silver_to_gold_dbt to 2026-01-18T00:00:00+00:00, run_after=2026-01-19T00:00:00+00:00
[2026-01-19T12:26:55.064+0000] {processor.py:179} INFO - Processing /opt/airflow/dags/gold-ingestion_dags.py took 0.988 seconds
[2026-01-19T12:27:25.654+0000] {processor.py:157} INFO - Started process (PID=12909) to work on /opt/airflow/dags/gold-ingestion_dags.py
[2026-01-19T12:27:25.662+0000] {processor.py:829} INFO - Processing file /opt/airflow/dags/gold-ingestion_dags.py for tasks to queue
[2026-01-19T12:27:25.666+0000] {logging_mixin.py:154} INFO - [2026-01-19T12:27:25.665+0000] {dagbag.py:536} INFO - Filling up the DagBag from /opt/airflow/dags/gold-ingestion_dags.py
[2026-01-19T12:27:25.738+0000] {processor.py:839} INFO - DAG(s) dict_keys(['silver_to_gold_dbt']) retrieved from /opt/airflow/dags/gold-ingestion_dags.py
[2026-01-19T12:27:25.791+0000] {logging_mixin.py:154} INFO - [2026-01-19T12:27:25.790+0000] {dag.py:2941} INFO - Sync 1 DAGs
[2026-01-19T12:27:25.821+0000] {logging_mixin.py:154} INFO - [2026-01-19T12:27:25.821+0000] {dag.py:3722} INFO - Setting next_dagrun for silver_to_gold_dbt to 2026-01-18T00:00:00+00:00, run_after=2026-01-19T00:00:00+00:00
[2026-01-19T12:27:25.856+0000] {processor.py:179} INFO - Processing /opt/airflow/dags/gold-ingestion_dags.py took 0.241 seconds
[2026-01-19T12:27:56.358+0000] {processor.py:157} INFO - Started process (PID=12919) to work on /opt/airflow/dags/gold-ingestion_dags.py
[2026-01-19T12:27:56.372+0000] {processor.py:829} INFO - Processing file /opt/airflow/dags/gold-ingestion_dags.py for tasks to queue
[2026-01-19T12:27:56.381+0000] {logging_mixin.py:154} INFO - [2026-01-19T12:27:56.377+0000] {dagbag.py:536} INFO - Filling up the DagBag from /opt/airflow/dags/gold-ingestion_dags.py
[2026-01-19T12:27:56.480+0000] {processor.py:839} INFO - DAG(s) dict_keys(['silver_to_gold_dbt']) retrieved from /opt/airflow/dags/gold-ingestion_dags.py
[2026-01-19T12:27:56.582+0000] {logging_mixin.py:154} INFO - [2026-01-19T12:27:56.582+0000] {dag.py:2941} INFO - Sync 1 DAGs
[2026-01-19T12:27:56.621+0000] {logging_mixin.py:154} INFO - [2026-01-19T12:27:56.621+0000] {dag.py:3722} INFO - Setting next_dagrun for silver_to_gold_dbt to 2026-01-18T00:00:00+00:00, run_after=2026-01-19T00:00:00+00:00
[2026-01-19T12:27:56.636+0000] {processor.py:179} INFO - Processing /opt/airflow/dags/gold-ingestion_dags.py took 0.353 seconds
[2026-01-19T12:28:27.023+0000] {processor.py:157} INFO - Started process (PID=12929) to work on /opt/airflow/dags/gold-ingestion_dags.py
[2026-01-19T12:28:27.025+0000] {processor.py:829} INFO - Processing file /opt/airflow/dags/gold-ingestion_dags.py for tasks to queue
[2026-01-19T12:28:27.026+0000] {logging_mixin.py:154} INFO - [2026-01-19T12:28:27.025+0000] {dagbag.py:536} INFO - Filling up the DagBag from /opt/airflow/dags/gold-ingestion_dags.py
[2026-01-19T12:28:27.063+0000] {processor.py:839} INFO - DAG(s) dict_keys(['silver_to_gold_dbt']) retrieved from /opt/airflow/dags/gold-ingestion_dags.py
[2026-01-19T12:28:27.127+0000] {logging_mixin.py:154} INFO - [2026-01-19T12:28:27.127+0000] {dag.py:2941} INFO - Sync 1 DAGs
[2026-01-19T12:28:27.150+0000] {logging_mixin.py:154} INFO - [2026-01-19T12:28:27.150+0000] {dag.py:3722} INFO - Setting next_dagrun for silver_to_gold_dbt to 2026-01-18T00:00:00+00:00, run_after=2026-01-19T00:00:00+00:00
[2026-01-19T12:28:27.175+0000] {processor.py:179} INFO - Processing /opt/airflow/dags/gold-ingestion_dags.py took 0.165 seconds
[2026-01-19T12:28:57.715+0000] {processor.py:157} INFO - Started process (PID=12939) to work on /opt/airflow/dags/gold-ingestion_dags.py
[2026-01-19T12:28:57.736+0000] {processor.py:829} INFO - Processing file /opt/airflow/dags/gold-ingestion_dags.py for tasks to queue
[2026-01-19T12:28:57.739+0000] {logging_mixin.py:154} INFO - [2026-01-19T12:28:57.739+0000] {dagbag.py:536} INFO - Filling up the DagBag from /opt/airflow/dags/gold-ingestion_dags.py
[2026-01-19T12:28:57.807+0000] {processor.py:839} INFO - DAG(s) dict_keys(['silver_to_gold_dbt']) retrieved from /opt/airflow/dags/gold-ingestion_dags.py
[2026-01-19T12:28:57.865+0000] {logging_mixin.py:154} INFO - [2026-01-19T12:28:57.865+0000] {dag.py:2941} INFO - Sync 1 DAGs
[2026-01-19T12:28:57.901+0000] {logging_mixin.py:154} INFO - [2026-01-19T12:28:57.900+0000] {dag.py:3722} INFO - Setting next_dagrun for silver_to_gold_dbt to 2026-01-18T00:00:00+00:00, run_after=2026-01-19T00:00:00+00:00
[2026-01-19T12:28:57.915+0000] {processor.py:179} INFO - Processing /opt/airflow/dags/gold-ingestion_dags.py took 0.274 seconds
[2026-01-19T12:29:27.991+0000] {processor.py:157} INFO - Started process (PID=12949) to work on /opt/airflow/dags/gold-ingestion_dags.py
[2026-01-19T12:29:27.999+0000] {processor.py:829} INFO - Processing file /opt/airflow/dags/gold-ingestion_dags.py for tasks to queue
[2026-01-19T12:29:28.001+0000] {logging_mixin.py:154} INFO - [2026-01-19T12:29:28.000+0000] {dagbag.py:536} INFO - Filling up the DagBag from /opt/airflow/dags/gold-ingestion_dags.py
[2026-01-19T12:29:28.031+0000] {processor.py:839} INFO - DAG(s) dict_keys(['silver_to_gold_dbt']) retrieved from /opt/airflow/dags/gold-ingestion_dags.py
[2026-01-19T12:29:28.082+0000] {logging_mixin.py:154} INFO - [2026-01-19T12:29:28.081+0000] {dag.py:2941} INFO - Sync 1 DAGs
[2026-01-19T12:29:28.107+0000] {logging_mixin.py:154} INFO - [2026-01-19T12:29:28.107+0000] {dag.py:3722} INFO - Setting next_dagrun for silver_to_gold_dbt to 2026-01-18T00:00:00+00:00, run_after=2026-01-19T00:00:00+00:00
[2026-01-19T12:29:28.121+0000] {processor.py:179} INFO - Processing /opt/airflow/dags/gold-ingestion_dags.py took 0.145 seconds
[2026-01-19T12:29:58.453+0000] {processor.py:157} INFO - Started process (PID=12959) to work on /opt/airflow/dags/gold-ingestion_dags.py
[2026-01-19T12:29:58.457+0000] {processor.py:829} INFO - Processing file /opt/airflow/dags/gold-ingestion_dags.py for tasks to queue
[2026-01-19T12:29:58.458+0000] {logging_mixin.py:154} INFO - [2026-01-19T12:29:58.457+0000] {dagbag.py:536} INFO - Filling up the DagBag from /opt/airflow/dags/gold-ingestion_dags.py
[2026-01-19T12:29:58.534+0000] {processor.py:839} INFO - DAG(s) dict_keys(['silver_to_gold_dbt']) retrieved from /opt/airflow/dags/gold-ingestion_dags.py
[2026-01-19T12:29:58.580+0000] {logging_mixin.py:154} INFO - [2026-01-19T12:29:58.580+0000] {dag.py:2941} INFO - Sync 1 DAGs
[2026-01-19T12:29:58.604+0000] {logging_mixin.py:154} INFO - [2026-01-19T12:29:58.604+0000] {dag.py:3722} INFO - Setting next_dagrun for silver_to_gold_dbt to 2026-01-18T00:00:00+00:00, run_after=2026-01-19T00:00:00+00:00
[2026-01-19T12:29:58.619+0000] {processor.py:179} INFO - Processing /opt/airflow/dags/gold-ingestion_dags.py took 0.182 seconds
[2026-01-19T12:30:28.908+0000] {processor.py:157} INFO - Started process (PID=12969) to work on /opt/airflow/dags/gold-ingestion_dags.py
[2026-01-19T12:30:28.912+0000] {processor.py:829} INFO - Processing file /opt/airflow/dags/gold-ingestion_dags.py for tasks to queue
[2026-01-19T12:30:28.915+0000] {logging_mixin.py:154} INFO - [2026-01-19T12:30:28.913+0000] {dagbag.py:536} INFO - Filling up the DagBag from /opt/airflow/dags/gold-ingestion_dags.py
[2026-01-19T12:30:28.944+0000] {processor.py:839} INFO - DAG(s) dict_keys(['silver_to_gold_dbt']) retrieved from /opt/airflow/dags/gold-ingestion_dags.py
[2026-01-19T12:30:29.001+0000] {logging_mixin.py:154} INFO - [2026-01-19T12:30:29.001+0000] {dag.py:2941} INFO - Sync 1 DAGs
[2026-01-19T12:30:29.024+0000] {logging_mixin.py:154} INFO - [2026-01-19T12:30:29.023+0000] {dag.py:3722} INFO - Setting next_dagrun for silver_to_gold_dbt to 2026-01-18T00:00:00+00:00, run_after=2026-01-19T00:00:00+00:00
[2026-01-19T12:30:29.039+0000] {processor.py:179} INFO - Processing /opt/airflow/dags/gold-ingestion_dags.py took 0.141 seconds
[2026-01-19T12:30:59.435+0000] {processor.py:157} INFO - Started process (PID=12979) to work on /opt/airflow/dags/gold-ingestion_dags.py
[2026-01-19T12:30:59.441+0000] {processor.py:829} INFO - Processing file /opt/airflow/dags/gold-ingestion_dags.py for tasks to queue
[2026-01-19T12:30:59.446+0000] {logging_mixin.py:154} INFO - [2026-01-19T12:30:59.442+0000] {dagbag.py:536} INFO - Filling up the DagBag from /opt/airflow/dags/gold-ingestion_dags.py
[2026-01-19T12:30:59.481+0000] {processor.py:839} INFO - DAG(s) dict_keys(['silver_to_gold_dbt']) retrieved from /opt/airflow/dags/gold-ingestion_dags.py
[2026-01-19T12:30:59.528+0000] {logging_mixin.py:154} INFO - [2026-01-19T12:30:59.528+0000] {dag.py:2941} INFO - Sync 1 DAGs
[2026-01-19T12:30:59.563+0000] {logging_mixin.py:154} INFO - [2026-01-19T12:30:59.562+0000] {dag.py:3722} INFO - Setting next_dagrun for silver_to_gold_dbt to 2026-01-18T00:00:00+00:00, run_after=2026-01-19T00:00:00+00:00
[2026-01-19T12:30:59.576+0000] {processor.py:179} INFO - Processing /opt/airflow/dags/gold-ingestion_dags.py took 0.162 seconds
[2026-01-19T12:31:30.181+0000] {processor.py:157} INFO - Started process (PID=12989) to work on /opt/airflow/dags/gold-ingestion_dags.py
[2026-01-19T12:31:30.188+0000] {processor.py:829} INFO - Processing file /opt/airflow/dags/gold-ingestion_dags.py for tasks to queue
[2026-01-19T12:31:30.193+0000] {logging_mixin.py:154} INFO - [2026-01-19T12:31:30.189+0000] {dagbag.py:536} INFO - Filling up the DagBag from /opt/airflow/dags/gold-ingestion_dags.py
[2026-01-19T12:31:30.294+0000] {processor.py:839} INFO - DAG(s) dict_keys(['silver_to_gold_dbt']) retrieved from /opt/airflow/dags/gold-ingestion_dags.py
[2026-01-19T12:31:30.346+0000] {logging_mixin.py:154} INFO - [2026-01-19T12:31:30.346+0000] {dag.py:2941} INFO - Sync 1 DAGs
[2026-01-19T12:31:30.372+0000] {logging_mixin.py:154} INFO - [2026-01-19T12:31:30.372+0000] {dag.py:3722} INFO - Setting next_dagrun for silver_to_gold_dbt to 2026-01-18T00:00:00+00:00, run_after=2026-01-19T00:00:00+00:00
[2026-01-19T12:31:30.388+0000] {processor.py:179} INFO - Processing /opt/airflow/dags/gold-ingestion_dags.py took 0.247 seconds
[2026-01-19T12:43:42.782+0000] {processor.py:157} INFO - Started process (PID=13001) to work on /opt/airflow/dags/gold-ingestion_dags.py
[2026-01-19T12:43:42.786+0000] {processor.py:829} INFO - Processing file /opt/airflow/dags/gold-ingestion_dags.py for tasks to queue
[2026-01-19T12:43:42.789+0000] {logging_mixin.py:154} INFO - [2026-01-19T12:43:42.788+0000] {dagbag.py:536} INFO - Filling up the DagBag from /opt/airflow/dags/gold-ingestion_dags.py
[2026-01-19T12:43:42.832+0000] {processor.py:839} INFO - DAG(s) dict_keys(['silver_to_gold_dbt']) retrieved from /opt/airflow/dags/gold-ingestion_dags.py
[2026-01-19T12:43:43.011+0000] {logging_mixin.py:154} INFO - [2026-01-19T12:43:43.011+0000] {dag.py:2941} INFO - Sync 1 DAGs
[2026-01-19T12:43:43.183+0000] {logging_mixin.py:154} INFO - [2026-01-19T12:43:43.183+0000] {dag.py:3722} INFO - Setting next_dagrun for silver_to_gold_dbt to 2026-01-18T00:00:00+00:00, run_after=2026-01-19T00:00:00+00:00
[2026-01-19T12:43:43.229+0000] {processor.py:179} INFO - Processing /opt/airflow/dags/gold-ingestion_dags.py took 0.465 seconds
[2026-01-19T12:55:01.995+0000] {processor.py:157} INFO - Started process (PID=13015) to work on /opt/airflow/dags/gold-ingestion_dags.py
[2026-01-19T12:55:02.001+0000] {processor.py:829} INFO - Processing file /opt/airflow/dags/gold-ingestion_dags.py for tasks to queue
[2026-01-19T12:55:02.009+0000] {logging_mixin.py:154} INFO - [2026-01-19T12:55:02.005+0000] {dagbag.py:536} INFO - Filling up the DagBag from /opt/airflow/dags/gold-ingestion_dags.py
[2026-01-19T12:55:02.437+0000] {processor.py:839} INFO - DAG(s) dict_keys(['silver_to_gold_dbt']) retrieved from /opt/airflow/dags/gold-ingestion_dags.py
[2026-01-19T12:55:02.798+0000] {logging_mixin.py:154} INFO - [2026-01-19T12:55:02.798+0000] {dag.py:2941} INFO - Sync 1 DAGs
[2026-01-19T12:55:02.985+0000] {logging_mixin.py:154} INFO - [2026-01-19T12:55:02.985+0000] {dag.py:3722} INFO - Setting next_dagrun for silver_to_gold_dbt to 2026-01-18T00:00:00+00:00, run_after=2026-01-19T00:00:00+00:00
[2026-01-19T12:55:03.046+0000] {processor.py:179} INFO - Processing /opt/airflow/dags/gold-ingestion_dags.py took 1.071 seconds
[2026-01-19T12:55:33.510+0000] {processor.py:157} INFO - Started process (PID=13029) to work on /opt/airflow/dags/gold-ingestion_dags.py
[2026-01-19T12:55:33.517+0000] {processor.py:829} INFO - Processing file /opt/airflow/dags/gold-ingestion_dags.py for tasks to queue
[2026-01-19T12:55:33.522+0000] {logging_mixin.py:154} INFO - [2026-01-19T12:55:33.519+0000] {dagbag.py:536} INFO - Filling up the DagBag from /opt/airflow/dags/gold-ingestion_dags.py
[2026-01-19T12:55:33.571+0000] {processor.py:839} INFO - DAG(s) dict_keys(['silver_to_gold_dbt']) retrieved from /opt/airflow/dags/gold-ingestion_dags.py
[2026-01-19T12:55:33.643+0000] {logging_mixin.py:154} INFO - [2026-01-19T12:55:33.643+0000] {dag.py:2941} INFO - Sync 1 DAGs
[2026-01-19T12:55:33.665+0000] {logging_mixin.py:154} INFO - [2026-01-19T12:55:33.665+0000] {dag.py:3722} INFO - Setting next_dagrun for silver_to_gold_dbt to 2026-01-18T00:00:00+00:00, run_after=2026-01-19T00:00:00+00:00
[2026-01-19T12:55:33.676+0000] {processor.py:179} INFO - Processing /opt/airflow/dags/gold-ingestion_dags.py took 0.188 seconds
[2026-01-19T12:56:04.158+0000] {processor.py:157} INFO - Started process (PID=13039) to work on /opt/airflow/dags/gold-ingestion_dags.py
[2026-01-19T12:56:04.165+0000] {processor.py:829} INFO - Processing file /opt/airflow/dags/gold-ingestion_dags.py for tasks to queue
[2026-01-19T12:56:04.167+0000] {logging_mixin.py:154} INFO - [2026-01-19T12:56:04.165+0000] {dagbag.py:536} INFO - Filling up the DagBag from /opt/airflow/dags/gold-ingestion_dags.py
[2026-01-19T12:56:04.246+0000] {processor.py:839} INFO - DAG(s) dict_keys(['silver_to_gold_dbt']) retrieved from /opt/airflow/dags/gold-ingestion_dags.py
[2026-01-19T12:56:04.297+0000] {logging_mixin.py:154} INFO - [2026-01-19T12:56:04.297+0000] {dag.py:2941} INFO - Sync 1 DAGs
[2026-01-19T12:56:04.326+0000] {logging_mixin.py:154} INFO - [2026-01-19T12:56:04.326+0000] {dag.py:3722} INFO - Setting next_dagrun for silver_to_gold_dbt to 2026-01-18T00:00:00+00:00, run_after=2026-01-19T00:00:00+00:00
[2026-01-19T12:56:04.334+0000] {processor.py:179} INFO - Processing /opt/airflow/dags/gold-ingestion_dags.py took 0.200 seconds
[2026-01-19T12:56:34.764+0000] {processor.py:157} INFO - Started process (PID=13049) to work on /opt/airflow/dags/gold-ingestion_dags.py
[2026-01-19T12:56:34.769+0000] {processor.py:829} INFO - Processing file /opt/airflow/dags/gold-ingestion_dags.py for tasks to queue
[2026-01-19T12:56:34.770+0000] {logging_mixin.py:154} INFO - [2026-01-19T12:56:34.770+0000] {dagbag.py:536} INFO - Filling up the DagBag from /opt/airflow/dags/gold-ingestion_dags.py
[2026-01-19T12:56:34.868+0000] {processor.py:839} INFO - DAG(s) dict_keys(['silver_to_gold_dbt']) retrieved from /opt/airflow/dags/gold-ingestion_dags.py
[2026-01-19T12:56:34.955+0000] {logging_mixin.py:154} INFO - [2026-01-19T12:56:34.955+0000] {dag.py:2941} INFO - Sync 1 DAGs
[2026-01-19T12:56:34.992+0000] {logging_mixin.py:154} INFO - [2026-01-19T12:56:34.992+0000] {dag.py:3722} INFO - Setting next_dagrun for silver_to_gold_dbt to 2026-01-18T00:00:00+00:00, run_after=2026-01-19T00:00:00+00:00
[2026-01-19T12:56:35.015+0000] {processor.py:179} INFO - Processing /opt/airflow/dags/gold-ingestion_dags.py took 0.268 seconds
[2026-01-19T12:57:05.748+0000] {processor.py:157} INFO - Started process (PID=13059) to work on /opt/airflow/dags/gold-ingestion_dags.py
[2026-01-19T12:57:05.750+0000] {processor.py:829} INFO - Processing file /opt/airflow/dags/gold-ingestion_dags.py for tasks to queue
[2026-01-19T12:57:05.750+0000] {logging_mixin.py:154} INFO - [2026-01-19T12:57:05.750+0000] {dagbag.py:536} INFO - Filling up the DagBag from /opt/airflow/dags/gold-ingestion_dags.py
[2026-01-19T12:57:05.820+0000] {processor.py:839} INFO - DAG(s) dict_keys(['silver_to_gold_dbt']) retrieved from /opt/airflow/dags/gold-ingestion_dags.py
[2026-01-19T12:57:05.860+0000] {logging_mixin.py:154} INFO - [2026-01-19T12:57:05.860+0000] {dag.py:2941} INFO - Sync 1 DAGs
[2026-01-19T12:57:05.883+0000] {logging_mixin.py:154} INFO - [2026-01-19T12:57:05.883+0000] {dag.py:3722} INFO - Setting next_dagrun for silver_to_gold_dbt to 2026-01-18T00:00:00+00:00, run_after=2026-01-19T00:00:00+00:00
[2026-01-19T12:57:05.900+0000] {processor.py:179} INFO - Processing /opt/airflow/dags/gold-ingestion_dags.py took 0.282 seconds
[2026-01-19T13:29:53.297+0000] {processor.py:157} INFO - Started process (PID=13069) to work on /opt/airflow/dags/gold-ingestion_dags.py
[2026-01-19T13:29:53.300+0000] {processor.py:829} INFO - Processing file /opt/airflow/dags/gold-ingestion_dags.py for tasks to queue
[2026-01-19T13:29:53.304+0000] {logging_mixin.py:154} INFO - [2026-01-19T13:29:53.302+0000] {dagbag.py:536} INFO - Filling up the DagBag from /opt/airflow/dags/gold-ingestion_dags.py
[2026-01-19T13:29:53.413+0000] {processor.py:839} INFO - DAG(s) dict_keys(['silver_to_gold_dbt']) retrieved from /opt/airflow/dags/gold-ingestion_dags.py
[2026-01-19T13:29:53.646+0000] {logging_mixin.py:154} INFO - [2026-01-19T13:29:53.645+0000] {dag.py:2941} INFO - Sync 1 DAGs
[2026-01-19T13:29:53.800+0000] {logging_mixin.py:154} INFO - [2026-01-19T13:29:53.800+0000] {dag.py:3722} INFO - Setting next_dagrun for silver_to_gold_dbt to 2026-01-18T00:00:00+00:00, run_after=2026-01-19T00:00:00+00:00
[2026-01-19T13:29:53.815+0000] {processor.py:179} INFO - Processing /opt/airflow/dags/gold-ingestion_dags.py took 0.528 seconds
[2026-01-19T14:36:15.565+0000] {processor.py:157} INFO - Started process (PID=13085) to work on /opt/airflow/dags/gold-ingestion_dags.py
[2026-01-19T14:36:15.572+0000] {processor.py:829} INFO - Processing file /opt/airflow/dags/gold-ingestion_dags.py for tasks to queue
[2026-01-19T14:36:15.574+0000] {logging_mixin.py:154} INFO - [2026-01-19T14:36:15.574+0000] {dagbag.py:536} INFO - Filling up the DagBag from /opt/airflow/dags/gold-ingestion_dags.py
[2026-01-19T14:36:15.641+0000] {processor.py:839} INFO - DAG(s) dict_keys(['silver_to_gold_dbt']) retrieved from /opt/airflow/dags/gold-ingestion_dags.py
[2026-01-19T14:36:15.851+0000] {logging_mixin.py:154} INFO - [2026-01-19T14:36:15.851+0000] {dag.py:2941} INFO - Sync 1 DAGs
[2026-01-19T14:36:16.033+0000] {logging_mixin.py:154} INFO - [2026-01-19T14:36:16.033+0000] {dag.py:3722} INFO - Setting next_dagrun for silver_to_gold_dbt to 2026-01-18T00:00:00+00:00, run_after=2026-01-19T00:00:00+00:00
[2026-01-19T14:36:16.075+0000] {processor.py:179} INFO - Processing /opt/airflow/dags/gold-ingestion_dags.py took 0.530 seconds
[2026-01-19T15:15:18.043+0000] {processor.py:157} INFO - Started process (PID=13101) to work on /opt/airflow/dags/gold-ingestion_dags.py
[2026-01-19T15:15:18.068+0000] {processor.py:829} INFO - Processing file /opt/airflow/dags/gold-ingestion_dags.py for tasks to queue
[2026-01-19T15:15:18.076+0000] {logging_mixin.py:154} INFO - [2026-01-19T15:15:18.074+0000] {dagbag.py:536} INFO - Filling up the DagBag from /opt/airflow/dags/gold-ingestion_dags.py
[2026-01-19T15:15:18.213+0000] {processor.py:839} INFO - DAG(s) dict_keys(['silver_to_gold_dbt']) retrieved from /opt/airflow/dags/gold-ingestion_dags.py
[2026-01-19T15:15:18.572+0000] {logging_mixin.py:154} INFO - [2026-01-19T15:15:18.566+0000] {dag.py:2941} INFO - Sync 1 DAGs
[2026-01-19T15:15:18.674+0000] {logging_mixin.py:154} INFO - [2026-01-19T15:15:18.672+0000] {dag.py:3722} INFO - Setting next_dagrun for silver_to_gold_dbt to 2026-01-18T00:00:00+00:00, run_after=2026-01-19T00:00:00+00:00
[2026-01-19T15:15:18.708+0000] {processor.py:179} INFO - Processing /opt/airflow/dags/gold-ingestion_dags.py took 0.824 seconds
[2026-01-19T15:36:22.074+0000] {processor.py:157} INFO - Started process (PID=13115) to work on /opt/airflow/dags/gold-ingestion_dags.py
[2026-01-19T15:36:22.076+0000] {processor.py:829} INFO - Processing file /opt/airflow/dags/gold-ingestion_dags.py for tasks to queue
[2026-01-19T15:36:22.077+0000] {logging_mixin.py:154} INFO - [2026-01-19T15:36:22.077+0000] {dagbag.py:536} INFO - Filling up the DagBag from /opt/airflow/dags/gold-ingestion_dags.py
[2026-01-19T15:36:22.106+0000] {processor.py:839} INFO - DAG(s) dict_keys(['silver_to_gold_dbt']) retrieved from /opt/airflow/dags/gold-ingestion_dags.py
[2026-01-19T15:36:22.153+0000] {logging_mixin.py:154} INFO - [2026-01-19T15:36:22.153+0000] {dag.py:2941} INFO - Sync 1 DAGs
[2026-01-19T15:36:22.183+0000] {logging_mixin.py:154} INFO - [2026-01-19T15:36:22.183+0000] {dag.py:3722} INFO - Setting next_dagrun for silver_to_gold_dbt to 2026-01-18T00:00:00+00:00, run_after=2026-01-19T00:00:00+00:00
[2026-01-19T15:36:22.199+0000] {processor.py:179} INFO - Processing /opt/airflow/dags/gold-ingestion_dags.py took 0.136 seconds
[2026-01-19T16:47:32.040+0000] {processor.py:157} INFO - Started process (PID=13129) to work on /opt/airflow/dags/gold-ingestion_dags.py
[2026-01-19T16:47:32.043+0000] {processor.py:829} INFO - Processing file /opt/airflow/dags/gold-ingestion_dags.py for tasks to queue
[2026-01-19T16:47:32.044+0000] {logging_mixin.py:154} INFO - [2026-01-19T16:47:32.044+0000] {dagbag.py:536} INFO - Filling up the DagBag from /opt/airflow/dags/gold-ingestion_dags.py
[2026-01-19T16:47:32.080+0000] {processor.py:839} INFO - DAG(s) dict_keys(['silver_to_gold_dbt']) retrieved from /opt/airflow/dags/gold-ingestion_dags.py
[2026-01-19T16:47:32.122+0000] {logging_mixin.py:154} INFO - [2026-01-19T16:47:32.122+0000] {dag.py:2941} INFO - Sync 1 DAGs
[2026-01-19T16:47:32.149+0000] {logging_mixin.py:154} INFO - [2026-01-19T16:47:32.149+0000] {dag.py:3722} INFO - Setting next_dagrun for silver_to_gold_dbt to 2026-01-18T00:00:00+00:00, run_after=2026-01-19T00:00:00+00:00
[2026-01-19T16:47:32.163+0000] {processor.py:179} INFO - Processing /opt/airflow/dags/gold-ingestion_dags.py took 0.134 seconds
[2026-01-19T17:00:47.693+0000] {processor.py:157} INFO - Started process (PID=13145) to work on /opt/airflow/dags/gold-ingestion_dags.py
[2026-01-19T17:00:47.699+0000] {processor.py:829} INFO - Processing file /opt/airflow/dags/gold-ingestion_dags.py for tasks to queue
[2026-01-19T17:00:47.707+0000] {logging_mixin.py:154} INFO - [2026-01-19T17:00:47.703+0000] {dagbag.py:536} INFO - Filling up the DagBag from /opt/airflow/dags/gold-ingestion_dags.py
[2026-01-19T17:00:48.062+0000] {processor.py:839} INFO - DAG(s) dict_keys(['silver_to_gold_dbt']) retrieved from /opt/airflow/dags/gold-ingestion_dags.py
[2026-01-19T17:00:48.202+0000] {logging_mixin.py:154} INFO - [2026-01-19T17:00:48.201+0000] {dag.py:2941} INFO - Sync 1 DAGs
[2026-01-19T17:00:48.261+0000] {logging_mixin.py:154} INFO - [2026-01-19T17:00:48.261+0000] {dag.py:3722} INFO - Setting next_dagrun for silver_to_gold_dbt to 2026-01-18T00:00:00+00:00, run_after=2026-01-19T00:00:00+00:00
[2026-01-19T17:00:48.296+0000] {processor.py:179} INFO - Processing /opt/airflow/dags/gold-ingestion_dags.py took 0.622 seconds
[2026-01-19T18:19:20.204+0000] {processor.py:157} INFO - Started process (PID=13161) to work on /opt/airflow/dags/gold-ingestion_dags.py
[2026-01-19T18:19:20.212+0000] {processor.py:829} INFO - Processing file /opt/airflow/dags/gold-ingestion_dags.py for tasks to queue
[2026-01-19T18:19:20.217+0000] {logging_mixin.py:154} INFO - [2026-01-19T18:19:20.214+0000] {dagbag.py:536} INFO - Filling up the DagBag from /opt/airflow/dags/gold-ingestion_dags.py
[2026-01-19T18:19:20.380+0000] {processor.py:839} INFO - DAG(s) dict_keys(['silver_to_gold_dbt']) retrieved from /opt/airflow/dags/gold-ingestion_dags.py
[2026-01-19T18:19:20.627+0000] {logging_mixin.py:154} INFO - [2026-01-19T18:19:20.623+0000] {dag.py:2941} INFO - Sync 1 DAGs
[2026-01-19T18:19:20.770+0000] {logging_mixin.py:154} INFO - [2026-01-19T18:19:20.768+0000] {dag.py:3722} INFO - Setting next_dagrun for silver_to_gold_dbt to 2026-01-18T00:00:00+00:00, run_after=2026-01-19T00:00:00+00:00
[2026-01-19T18:19:20.837+0000] {processor.py:179} INFO - Processing /opt/airflow/dags/gold-ingestion_dags.py took 0.657 seconds
[2026-01-19T19:02:16.207+0000] {processor.py:157} INFO - Started process (PID=13177) to work on /opt/airflow/dags/gold-ingestion_dags.py
[2026-01-19T19:02:16.210+0000] {processor.py:829} INFO - Processing file /opt/airflow/dags/gold-ingestion_dags.py for tasks to queue
[2026-01-19T19:02:16.214+0000] {logging_mixin.py:154} INFO - [2026-01-19T19:02:16.213+0000] {dagbag.py:536} INFO - Filling up the DagBag from /opt/airflow/dags/gold-ingestion_dags.py
[2026-01-19T19:02:16.269+0000] {processor.py:839} INFO - DAG(s) dict_keys(['silver_to_gold_dbt']) retrieved from /opt/airflow/dags/gold-ingestion_dags.py
[2026-01-19T19:02:16.431+0000] {logging_mixin.py:154} INFO - [2026-01-19T19:02:16.430+0000] {dag.py:2941} INFO - Sync 1 DAGs
[2026-01-19T19:02:16.571+0000] {logging_mixin.py:154} INFO - [2026-01-19T19:02:16.570+0000] {dag.py:3722} INFO - Setting next_dagrun for silver_to_gold_dbt to 2026-01-18T00:00:00+00:00, run_after=2026-01-19T00:00:00+00:00
[2026-01-19T19:02:16.657+0000] {processor.py:179} INFO - Processing /opt/airflow/dags/gold-ingestion_dags.py took 0.460 seconds
[2026-01-19T19:28:17.245+0000] {processor.py:157} INFO - Started process (PID=13192) to work on /opt/airflow/dags/gold-ingestion_dags.py
[2026-01-19T19:28:17.251+0000] {processor.py:829} INFO - Processing file /opt/airflow/dags/gold-ingestion_dags.py for tasks to queue
[2026-01-19T19:28:17.259+0000] {logging_mixin.py:154} INFO - [2026-01-19T19:28:17.256+0000] {dagbag.py:536} INFO - Filling up the DagBag from /opt/airflow/dags/gold-ingestion_dags.py
[2026-01-19T19:28:17.334+0000] {processor.py:839} INFO - DAG(s) dict_keys(['silver_to_gold_dbt']) retrieved from /opt/airflow/dags/gold-ingestion_dags.py
[2026-01-19T19:28:17.439+0000] {logging_mixin.py:154} INFO - [2026-01-19T19:28:17.439+0000] {dag.py:2941} INFO - Sync 1 DAGs
[2026-01-19T19:28:17.524+0000] {logging_mixin.py:154} INFO - [2026-01-19T19:28:17.524+0000] {dag.py:3722} INFO - Setting next_dagrun for silver_to_gold_dbt to 2026-01-18T00:00:00+00:00, run_after=2026-01-19T00:00:00+00:00
[2026-01-19T19:28:17.586+0000] {processor.py:179} INFO - Processing /opt/airflow/dags/gold-ingestion_dags.py took 0.385 seconds
[2026-01-19T20:03:15.899+0000] {processor.py:157} INFO - Started process (PID=13207) to work on /opt/airflow/dags/gold-ingestion_dags.py
[2026-01-19T20:03:15.904+0000] {processor.py:829} INFO - Processing file /opt/airflow/dags/gold-ingestion_dags.py for tasks to queue
[2026-01-19T20:03:15.906+0000] {logging_mixin.py:154} INFO - [2026-01-19T20:03:15.906+0000] {dagbag.py:536} INFO - Filling up the DagBag from /opt/airflow/dags/gold-ingestion_dags.py
[2026-01-19T20:03:15.960+0000] {processor.py:839} INFO - DAG(s) dict_keys(['silver_to_gold_dbt']) retrieved from /opt/airflow/dags/gold-ingestion_dags.py
[2026-01-19T20:03:16.080+0000] {logging_mixin.py:154} INFO - [2026-01-19T20:03:16.080+0000] {dag.py:2941} INFO - Sync 1 DAGs
[2026-01-19T20:03:16.180+0000] {logging_mixin.py:154} INFO - [2026-01-19T20:03:16.179+0000] {dag.py:3722} INFO - Setting next_dagrun for silver_to_gold_dbt to 2026-01-18T00:00:00+00:00, run_after=2026-01-19T00:00:00+00:00
[2026-01-19T20:03:16.223+0000] {processor.py:179} INFO - Processing /opt/airflow/dags/gold-ingestion_dags.py took 0.344 seconds
[2026-01-19T21:20:23.412+0000] {processor.py:157} INFO - Started process (PID=13222) to work on /opt/airflow/dags/gold-ingestion_dags.py
[2026-01-19T21:20:23.418+0000] {processor.py:829} INFO - Processing file /opt/airflow/dags/gold-ingestion_dags.py for tasks to queue
[2026-01-19T21:20:23.420+0000] {logging_mixin.py:154} INFO - [2026-01-19T21:20:23.420+0000] {dagbag.py:536} INFO - Filling up the DagBag from /opt/airflow/dags/gold-ingestion_dags.py
[2026-01-19T21:20:23.531+0000] {processor.py:839} INFO - DAG(s) dict_keys(['silver_to_gold_dbt']) retrieved from /opt/airflow/dags/gold-ingestion_dags.py
[2026-01-19T21:20:23.728+0000] {logging_mixin.py:154} INFO - [2026-01-19T21:20:23.727+0000] {dag.py:2941} INFO - Sync 1 DAGs
[2026-01-19T21:20:23.831+0000] {logging_mixin.py:154} INFO - [2026-01-19T21:20:23.825+0000] {dag.py:3722} INFO - Setting next_dagrun for silver_to_gold_dbt to 2026-01-18T00:00:00+00:00, run_after=2026-01-19T00:00:00+00:00
[2026-01-19T21:20:23.959+0000] {processor.py:179} INFO - Processing /opt/airflow/dags/gold-ingestion_dags.py took 0.582 seconds
[2026-01-19T22:05:28.721+0000] {processor.py:157} INFO - Started process (PID=13236) to work on /opt/airflow/dags/gold-ingestion_dags.py
[2026-01-19T22:05:28.726+0000] {processor.py:829} INFO - Processing file /opt/airflow/dags/gold-ingestion_dags.py for tasks to queue
[2026-01-19T22:05:28.728+0000] {logging_mixin.py:154} INFO - [2026-01-19T22:05:28.727+0000] {dagbag.py:536} INFO - Filling up the DagBag from /opt/airflow/dags/gold-ingestion_dags.py
[2026-01-19T22:05:28.794+0000] {processor.py:839} INFO - DAG(s) dict_keys(['silver_to_gold_dbt']) retrieved from /opt/airflow/dags/gold-ingestion_dags.py
[2026-01-19T22:05:28.838+0000] {logging_mixin.py:154} INFO - [2026-01-19T22:05:28.837+0000] {dag.py:2941} INFO - Sync 1 DAGs
[2026-01-19T22:05:28.857+0000] {logging_mixin.py:154} INFO - [2026-01-19T22:05:28.857+0000] {dag.py:3722} INFO - Setting next_dagrun for silver_to_gold_dbt to 2026-01-18T00:00:00+00:00, run_after=2026-01-19T00:00:00+00:00
[2026-01-19T22:05:28.875+0000] {processor.py:179} INFO - Processing /opt/airflow/dags/gold-ingestion_dags.py took 0.171 seconds
[2026-01-19T23:06:20.539+0000] {processor.py:157} INFO - Started process (PID=13250) to work on /opt/airflow/dags/gold-ingestion_dags.py
[2026-01-19T23:06:20.545+0000] {processor.py:829} INFO - Processing file /opt/airflow/dags/gold-ingestion_dags.py for tasks to queue
[2026-01-19T23:06:20.552+0000] {logging_mixin.py:154} INFO - [2026-01-19T23:06:20.549+0000] {dagbag.py:536} INFO - Filling up the DagBag from /opt/airflow/dags/gold-ingestion_dags.py
[2026-01-19T23:06:20.654+0000] {processor.py:839} INFO - DAG(s) dict_keys(['silver_to_gold_dbt']) retrieved from /opt/airflow/dags/gold-ingestion_dags.py
[2026-01-19T23:06:20.852+0000] {logging_mixin.py:154} INFO - [2026-01-19T23:06:20.851+0000] {dag.py:2941} INFO - Sync 1 DAGs
[2026-01-19T23:06:20.937+0000] {logging_mixin.py:154} INFO - [2026-01-19T23:06:20.937+0000] {dag.py:3722} INFO - Setting next_dagrun for silver_to_gold_dbt to 2026-01-18T00:00:00+00:00, run_after=2026-01-19T00:00:00+00:00
[2026-01-19T23:06:21.067+0000] {processor.py:179} INFO - Processing /opt/airflow/dags/gold-ingestion_dags.py took 0.551 seconds
[2026-01-19T23:51:04.730+0000] {processor.py:157} INFO - Started process (PID=13264) to work on /opt/airflow/dags/gold-ingestion_dags.py
[2026-01-19T23:51:04.749+0000] {processor.py:829} INFO - Processing file /opt/airflow/dags/gold-ingestion_dags.py for tasks to queue
[2026-01-19T23:51:04.751+0000] {logging_mixin.py:154} INFO - [2026-01-19T23:51:04.750+0000] {dagbag.py:536} INFO - Filling up the DagBag from /opt/airflow/dags/gold-ingestion_dags.py
[2026-01-19T23:51:04.874+0000] {processor.py:839} INFO - DAG(s) dict_keys(['silver_to_gold_dbt']) retrieved from /opt/airflow/dags/gold-ingestion_dags.py
[2026-01-19T23:51:04.952+0000] {logging_mixin.py:154} INFO - [2026-01-19T23:51:04.952+0000] {dag.py:2941} INFO - Sync 1 DAGs
[2026-01-19T23:51:05.045+0000] {logging_mixin.py:154} INFO - [2026-01-19T23:51:05.045+0000] {dag.py:3722} INFO - Setting next_dagrun for silver_to_gold_dbt to 2026-01-18T00:00:00+00:00, run_after=2026-01-19T00:00:00+00:00
[2026-01-19T23:51:05.083+0000] {processor.py:179} INFO - Processing /opt/airflow/dags/gold-ingestion_dags.py took 0.370 seconds
